Server läuft auf Port 3001 (HTTP & WebSocket)
Client connected
Received: {"type":"draw","data":{"x":463.3095932006836,"y":116.96392822265625,"color":"#2563eb","size":5,"action":"start","isEraser":false}}
Received: {"type":"draw","data":{"x":463.3095932006836,"y":116.96392822265625,"color":"#2563eb","size":5,"action":"move","isEraser":false}}
Received: {"type":"draw","data":{"x":462.11351776123047,"y":117.48223876953125,"color":"#2563eb","size":5,"action":"move","isEraser":false}}
Received: {"type":"draw","data":{"x":459.9606246948242,"y":118.51885986328125,"color":"#2563eb","size":5,"action":"move","isEraser":false}}
Received: {"type":"draw","data":{"x":455.41561126708984,"y":120.592041015625,"color":"#2563eb","size":5,"action":"move","isEraser":false}}
Received: {"type":"draw","data":{"x":449.1960983276367,"y":124.22003173828125,"color":"#2563eb","size":5,"action":"move","isEraser":false}}
Received: {"type":"draw","data":{"x":424.0789108276367,"y":139.25048828125,"color":"#2563eb","size":5,"action":"move","isEraser":false}}
Received: {"type":"draw","data":{"x":385.3266830444336,"y":165.68341064453125,"color":"#2563eb","size":5,"action":"move","isEraser":false}}
Received: {"type":"draw","data":{"x":351.11946868896484,"y":192.1162109375,"color":"#2563eb","size":5,"action":"move","isEraser":false}}
Received: {"type":"draw","data":{"x":323.6101608276367,"y":216.47589111328125,"color":"#2563eb","size":5,"action":"move","isEraser":false}}
Received: {"type":"draw","data":{"x":301.6027145385742,"y":238.7623291015625,"color":"#2563eb","size":5,"action":"move","isEraser":false}}
Received: {"type":"draw","data":{"x":281.0305404663086,"y":262.603759765625,"color":"#2563eb","size":5,"action":"move","isEraser":false}}
Received: {"type":"draw","data":{"x":259.26229095458984,"y":285.9268798828125,"color":"#2563eb","size":5,"action":"move","isEraser":false}}
Received: {"type":"draw","data":{"x":237.97249603271484,"y":307.69512939453125,"color":"#2563eb","size":5,"action":"move","isEraser":false}}
Received: {"type":"draw","data":{"x":220.98848724365234,"y":329.981689453125,"color":"#2563eb","size":5,"action":"move","isEraser":false}}
Received: {"type":"draw","data":{"x":207.83187103271484,"y":350.7132568359375,"color":"#2563eb","size":5,"action":"move","isEraser":false}}
Received: {"type":"draw","data":{"x":197.30657196044922,"y":368.853515625,"color":"#2563eb","size":5,"action":"move","isEraser":false}}
Received: {"type":"draw","data":{"x":187.49890899658203,"y":383.8839111328125,"color":"#2563eb","size":5,"action":"move","isEraser":false}}
Client disconnected
Client connected
Client disconnected
Client connected
Client disconnected
Client connected
Client connected
Received: {"type":"draw","data":{"action":"clear"}}
Received: {"type":"draw","data":{"x":100,"y":200,"color":"#FF5733","size":8,"action":"start","isEraser":false}}
Received: {"type":"draw","data":{"x":110,"y":200,"color":"#FF5733","size":8,"action":"move","isEraser":false}}
Received: {"type":"draw","data":{"x":120,"y":219.17702154416813,"color":"#33FF57","size":8,"action":"move","isEraser":false}}
Received: {"type":"draw","data":{"x":130,"y":233.65883939231585,"color":"#33FF57","size":8,"action":"move","isEraser":false}}
Received: {"type":"draw","data":{"x":140,"y":239.8997994641622,"color":"#33FF57","size":8,"action":"move","isEraser":false}}
Received: {"type":"draw","data":{"x":150,"y":236.37189707302727,"color":"#33FF57","size":8,"action":"move","isEraser":false}}
Received: {"type":"draw","data":{"x":160,"y":223.93888576415827,"color":"#33FF57","size":8,"action":"move","isEraser":false}}
Received: {"type":"draw","data":{"x":170,"y":205.6448003223947,"color":"#33FF57","size":8,"action":"move","isEraser":false}}
Received: {"type":"draw","data":{"x":180,"y":185.96867089241522,"color":"#33FF57","size":8,"action":"move","isEraser":false}}
Received: {"type":"draw","data":{"x":190,"y":169.72790018768288,"color":"#33FF57","size":8,"action":"move","isEraser":false}}
Received: {"type":"draw","data":{"x":200,"y":160.89879529339612,"color":"#33FF57","size":8,"action":"move","isEraser":false}}
Received: {"type":"draw","data":{"x":210,"y":161.64302901347446,"color":"#33FF57","size":8,"action":"move","isEraser":false}}
Received: {"type":"draw","data":{"x":220,"y":171.7783869771843,"color":"#3357FF","size":8,"action":"move","isEraser":false}}
Received: {"type":"draw","data":{"x":230,"y":188.82338007204297,"color":"#3357FF","size":8,"action":"move","isEraser":false}}
Received: {"type":"draw","data":{"x":240,"y":208.6047995235126,"color":"#3357FF","size":8,"action":"move","isEraser":false}}
Received: {"type":"draw","data":{"x":250,"y":226.27946394875156,"color":"#3357FF","size":8,"action":"move","isEraser":false}}
Received: {"type":"draw","data":{"x":260,"y":237.51999907098957,"color":"#3357FF","size":8,"action":"move","isEraser":false}}
Received: {"type":"draw","data":{"x":270,"y":239.57432986493527,"color":"#3357FF","size":8,"action":"move","isEraser":false}}
Received: {"type":"draw","data":{"x":280,"y":231.9394845049396,"color":"#3357FF","size":8,"action":"move","isEraser":false}}
Received: {"type":"draw","data":{"x":290,"y":216.48473940967025,"color":"#3357FF","size":8,"action":"move","isEraser":false}}
Received: {"type":"draw","data":{"x":300,"y":196.99395518152764,"color":"#3357FF","size":8,"action":"move","isEraser":false}}
Received: {"type":"draw","data":{"x":310,"y":178.2391555644252,"color":"#3357FF","size":8,"action":"move","isEraser":false}}
Received: {"type":"draw","data":{"x":320,"y":164.8121696011332,"color":"#F033FF","size":8,"action":"move","isEraser":false}}
Received: {"type":"draw","data":{"x":330,"y":160.00039173797185,"color":"#F033FF","size":8,"action":"move","isEraser":false}}
Received: {"type":"draw","data":{"x":340,"y":164.98191301246285,"color":"#F033FF","size":8,"action":"move","isEraser":false}}
Received: {"type":"draw","data":{"x":350,"y":178.5370832799826,"color":"#F033FF","size":8,"action":"move","isEraser":false}}
Received: {"type":"draw","data":{"x":360,"y":197.34712410595196,"color":"#F033FF","size":8,"action":"move","isEraser":false}}
Received: {"type":"draw","data":{"x":370,"y":216.80668147306562,"color":"#F033FF","size":8,"action":"move","isEraser":false}}
Received: {"type":"draw","data":{"x":380,"y":232.15137706206485,"color":"#F033FF","size":8,"action":"move","isEraser":false}}
Received: {"type":"draw","data":{"x":390,"y":239.62429422779482,"color":"#F033FF","size":8,"action":"move","isEraser":false}}
Received: {"type":"draw","data":{"x":400,"y":237.39580222098732,"color":"#F033FF","size":8,"action":"move","isEraser":false}}
Received: {"type":"draw","data":{"x":410,"y":226.01151360628467,"color":"#F033FF","size":8,"action":"move","isEraser":false}}
Received: {"type":"draw","data":{"x":420,"y":208.25869927751185,"color":"#FF33A1","size":8,"action":"move","isEraser":false}}
Received: {"type":"draw","data":{"x":430,"y":188.4838673333974,"color":"#FF33A1","size":8,"action":"move","isEraser":false}}
Received: {"type":"draw","data":{"x":440,"y":171.52858630523508,"color":"#FF33A1","size":8,"action":"move","isEraser":false}}
Received: {"type":"draw","data":{"x":450,"y":161.54410032481772,"color":"#FF33A1","size":8,"action":"move","isEraser":false}}
Received: {"type":"draw","data":{"x":460,"y":160.9749597812737,"color":"#FF33A1","size":8,"action":"move","isEraser":false}}
Received: {"type":"draw","data":{"x":470,"y":169.96051012913296,"color":"#FF33A1","size":8,"action":"move","isEraser":false}}
Received: {"type":"draw","data":{"x":480,"y":186.3007752612155,"color":"#FF33A1","size":8,"action":"move","isEraser":false}}
Received: {"type":"draw","data":{"x":490,"y":205.9950883865181,"color":"#FF33A1","size":8,"action":"move","isEraser":false}}
Received: {"type":"draw","data":{"x":500,"y":224.22159478878405,"color":"#FF33A1","size":8,"action":"move","isEraser":false}}
Received: {"type":"draw","data":{"x":510,"y":236.5178100291051,"color":"#FF33A1","size":8,"action":"move","isEraser":false}}
Received: {"type":"draw","data":{"x":520,"y":239.87319177115197,"color":"#FF5733","size":8,"action":"move","isEraser":false}}
Received: {"type":"draw","data":{"x":530,"y":233.46622554144224,"color":"#FF5733","size":8,"action":"move","isEraser":false}}
Received: {"type":"draw","data":{"x":540,"y":218.86556012376784,"color":"#FF5733","size":8,"action":"move","isEraser":false}}
Received: {"type":"draw","data":{"x":550,"y":199.64594762838385,"color":"#FF5733","size":8,"action":"move","isEraser":false}}
Received: {"type":"draw","data":{"x":560,"y":180.5130195015796,"color":"#FF5733","size":8,"action":"move","isEraser":false}}
Received: {"type":"draw","data":{"x":570,"y":166.15118383299318,"color":"#FF5733","size":8,"action":"move","isEraser":false}}
Received: {"type":"draw","data":{"x":580,"y":160.07671888082416,"color":"#FF5733","size":8,"action":"move","isEraser":false}}
Received: {"type":"draw","data":{"x":590,"y":163.77686551973505,"color":"#FF5733","size":8,"action":"move","isEraser":false}}
Received: {"type":"draw","data":{"x":600,"y":176.34569880539502,"color":"#FF5733","size":8,"action":"move","isEraser":false}}
Received: {"type":"draw","data":{"x":460,"y":300,"color":"#3357FF","size":6,"action":"start","isEraser":false}}
Received: {"type":"draw","data":{"x":458.68885604402834,"y":312.47470144906555,"color":"#3357FF","size":6,"action":"move","isEraser":false}}
Received: {"type":"draw","data":{"x":454.8127274585561,"y":324.404198584548,"color":"#3357FF","size":6,"action":"move","isEraser":false}}
Received: {"type":"draw","data":{"x":448.54101966249686,"y":335.2671151375484,"color":"#3357FF","size":6,"action":"move","isEraser":false}}
Received: {"type":"draw","data":{"x":440.1478363815315,"y":344.58868952864367,"color":"#3357FF","size":6,"action":"move","isEraser":false}}
Received: {"type":"draw","data":{"x":430,"y":351.9615242270663,"color":"#3357FF","size":6,"action":"move","isEraser":false}}
Received: {"type":"draw","data":{"x":418.54101966249686,"y":357.0633909777092,"color":"#3357FF","size":6,"action":"move","isEraser":false}}
Received: {"type":"draw","data":{"x":406.2717077960592,"y":359.6713137220964,"color":"#3357FF","size":6,"action":"move","isEraser":false}}
Received: {"type":"draw","data":{"x":393.7282922039408,"y":359.6713137220964,"color":"#3357FF","size":6,"action":"move","isEraser":false}}
Received: {"type":"draw","data":{"x":381.45898033750314,"y":357.0633909777092,"color":"#3357FF","size":6,"action":"move","isEraser":false}}
Received: {"type":"draw","data":{"x":370,"y":351.9615242270663,"color":"#3357FF","size":6,"action":"move","isEraser":false}}
Received: {"type":"draw","data":{"x":359.8521636184685,"y":344.58868952864367,"color":"#3357FF","size":6,"action":"move","isEraser":false}}
Received: {"type":"draw","data":{"x":351.45898033750314,"y":335.2671151375484,"color":"#3357FF","size":6,"action":"move","isEraser":false}}
Received: {"type":"draw","data":{"x":345.1872725414439,"y":324.404198584548,"color":"#3357FF","size":6,"action":"move","isEraser":false}}
Received: {"type":"draw","data":{"x":341.31114395597166,"y":312.47470144906555,"color":"#3357FF","size":6,"action":"move","isEraser":false}}
Received: {"type":"draw","data":{"x":340,"y":300,"color":"#3357FF","size":6,"action":"move","isEraser":false}}
Received: {"type":"draw","data":{"x":341.31114395597166,"y":287.52529855093445,"color":"#3357FF","size":6,"action":"move","isEraser":false}}
Received: {"type":"draw","data":{"x":345.1872725414439,"y":275.595801415452,"color":"#3357FF","size":6,"action":"move","isEraser":false}}
Received: {"type":"draw","data":{"x":351.45898033750314,"y":264.7328848624516,"color":"#3357FF","size":6,"action":"move","isEraser":false}}
Received: {"type":"draw","data":{"x":359.85216361846847,"y":255.41131047135636,"color":"#3357FF","size":6,"action":"move","isEraser":false}}
Received: {"type":"draw","data":{"x":370,"y":248.03847577293368,"color":"#3357FF","size":6,"action":"move","isEraser":false}}
Received: {"type":"draw","data":{"x":381.45898033750314,"y":242.93660902229078,"color":"#3357FF","size":6,"action":"move","isEraser":false}}
Received: {"type":"draw","data":{"x":393.7282922039407,"y":240.3286862779036,"color":"#3357FF","size":6,"action":"move","isEraser":false}}
Received: {"type":"draw","data":{"x":406.2717077960592,"y":240.3286862779036,"color":"#3357FF","size":6,"action":"move","isEraser":false}}
Received: {"type":"draw","data":{"x":418.5410196624968,"y":242.93660902229078,"color":"#3357FF","size":6,"action":"move","isEraser":false}}
Received: {"type":"draw","data":{"x":430,"y":248.03847577293368,"color":"#3357FF","size":6,"action":"move","isEraser":false}}
Received: {"type":"draw","data":{"x":440.14783638153153,"y":255.41131047135636,"color":"#3357FF","size":6,"action":"move","isEraser":false}}
Received: {"type":"draw","data":{"x":448.54101966249686,"y":264.7328848624516,"color":"#3357FF","size":6,"action":"move","isEraser":false}}
Received: {"type":"draw","data":{"x":454.8127274585561,"y":275.595801415452,"color":"#3357FF","size":6,"action":"move","isEraser":false}}
Received: {"type":"draw","data":{"x":458.68885604402834,"y":287.5252985509344,"color":"#3357FF","size":6,"action":"move","isEraser":false}}
Received: {"type":"draw","data":{"x":460,"y":300,"color":"#3357FF","size":6,"action":"move","isEraser":false}}
Received: {"type":"draw","data":{"x":500,"y":150,"color":"#FF5733","size":12,"action":"start","isEraser":false}}
Received: {"type":"draw","data":{"x":550,"y":180,"color":"#33FF57","size":12,"action":"start","isEraser":false}}
Received: {"type":"draw","data":{"x":600,"y":220,"color":"#3357FF","size":12,"action":"start","isEraser":false}}
Client disconnected
Client disconnected
Client connected
Client disconnected
Client connected
Client connected
Received: {"type":"draw","data":{"action":"clear"}}
Received: {"type":"draw","data":{"x":100,"y":200,"color":"#FF5733","size":8,"action":"start","isEraser":false}}
Received: {"type":"draw","data":{"x":110,"y":200,"color":"#FF5733","size":8,"action":"move","isEraser":false}}
Received: {"type":"draw","data":{"x":120,"y":219.17702154416813,"color":"#33FF57","size":8,"action":"move","isEraser":false}}
Received: {"type":"draw","data":{"x":130,"y":233.65883939231585,"color":"#33FF57","size":8,"action":"move","isEraser":false}}
Received: {"type":"draw","data":{"x":140,"y":239.8997994641622,"color":"#33FF57","size":8,"action":"move","isEraser":false}}
Received: {"type":"draw","data":{"x":150,"y":236.37189707302727,"color":"#33FF57","size":8,"action":"move","isEraser":false}}
Received: {"type":"draw","data":{"x":160,"y":223.93888576415827,"color":"#33FF57","size":8,"action":"move","isEraser":false}}
Received: {"type":"draw","data":{"x":170,"y":205.6448003223947,"color":"#33FF57","size":8,"action":"move","isEraser":false}}
Received: {"type":"draw","data":{"x":180,"y":185.96867089241522,"color":"#33FF57","size":8,"action":"move","isEraser":false}}
Received: {"type":"draw","data":{"x":190,"y":169.72790018768288,"color":"#33FF57","size":8,"action":"move","isEraser":false}}
Received: {"type":"draw","data":{"x":200,"y":160.89879529339612,"color":"#33FF57","size":8,"action":"move","isEraser":false}}
Received: {"type":"draw","data":{"x":210,"y":161.64302901347446,"color":"#33FF57","size":8,"action":"move","isEraser":false}}
Received: {"type":"draw","data":{"x":220,"y":171.7783869771843,"color":"#3357FF","size":8,"action":"move","isEraser":false}}
Received: {"type":"draw","data":{"x":230,"y":188.82338007204297,"color":"#3357FF","size":8,"action":"move","isEraser":false}}
Received: {"type":"draw","data":{"x":240,"y":208.6047995235126,"color":"#3357FF","size":8,"action":"move","isEraser":false}}
Received: {"type":"draw","data":{"x":250,"y":226.27946394875156,"color":"#3357FF","size":8,"action":"move","isEraser":false}}
Received: {"type":"draw","data":{"x":260,"y":237.51999907098957,"color":"#3357FF","size":8,"action":"move","isEraser":false}}
Received: {"type":"draw","data":{"x":270,"y":239.57432986493527,"color":"#3357FF","size":8,"action":"move","isEraser":false}}
Received: {"type":"draw","data":{"x":280,"y":231.9394845049396,"color":"#3357FF","size":8,"action":"move","isEraser":false}}
Received: {"type":"draw","data":{"x":290,"y":216.48473940967025,"color":"#3357FF","size":8,"action":"move","isEraser":false}}
Received: {"type":"draw","data":{"x":300,"y":196.99395518152764,"color":"#3357FF","size":8,"action":"move","isEraser":false}}
Received: {"type":"draw","data":{"x":310,"y":178.2391555644252,"color":"#3357FF","size":8,"action":"move","isEraser":false}}
Received: {"type":"draw","data":{"x":320,"y":164.8121696011332,"color":"#F033FF","size":8,"action":"move","isEraser":false}}
Received: {"type":"draw","data":{"x":330,"y":160.00039173797185,"color":"#F033FF","size":8,"action":"move","isEraser":false}}
Received: {"type":"draw","data":{"x":340,"y":164.98191301246285,"color":"#F033FF","size":8,"action":"move","isEraser":false}}
Received: {"type":"draw","data":{"x":350,"y":178.5370832799826,"color":"#F033FF","size":8,"action":"move","isEraser":false}}
Received: {"type":"draw","data":{"x":360,"y":197.34712410595196,"color":"#F033FF","size":8,"action":"move","isEraser":false}}
Received: {"type":"draw","data":{"x":370,"y":216.80668147306562,"color":"#F033FF","size":8,"action":"move","isEraser":false}}
Received: {"type":"draw","data":{"x":380,"y":232.15137706206485,"color":"#F033FF","size":8,"action":"move","isEraser":false}}
Received: {"type":"draw","data":{"x":390,"y":239.62429422779482,"color":"#F033FF","size":8,"action":"move","isEraser":false}}
Received: {"type":"draw","data":{"x":400,"y":237.39580222098732,"color":"#F033FF","size":8,"action":"move","isEraser":false}}
Received: {"type":"draw","data":{"x":410,"y":226.01151360628467,"color":"#F033FF","size":8,"action":"move","isEraser":false}}
Received: {"type":"draw","data":{"x":420,"y":208.25869927751185,"color":"#FF33A1","size":8,"action":"move","isEraser":false}}
Received: {"type":"draw","data":{"x":430,"y":188.4838673333974,"color":"#FF33A1","size":8,"action":"move","isEraser":false}}
Received: {"type":"draw","data":{"x":440,"y":171.52858630523508,"color":"#FF33A1","size":8,"action":"move","isEraser":false}}
Received: {"type":"draw","data":{"x":450,"y":161.54410032481772,"color":"#FF33A1","size":8,"action":"move","isEraser":false}}
Received: {"type":"draw","data":{"x":460,"y":160.9749597812737,"color":"#FF33A1","size":8,"action":"move","isEraser":false}}
Received: {"type":"draw","data":{"x":470,"y":169.96051012913296,"color":"#FF33A1","size":8,"action":"move","isEraser":false}}
Received: {"type":"draw","data":{"x":480,"y":186.3007752612155,"color":"#FF33A1","size":8,"action":"move","isEraser":false}}
Received: {"type":"draw","data":{"x":490,"y":205.9950883865181,"color":"#FF33A1","size":8,"action":"move","isEraser":false}}
Received: {"type":"draw","data":{"x":500,"y":224.22159478878405,"color":"#FF33A1","size":8,"action":"move","isEraser":false}}
Received: {"type":"draw","data":{"x":510,"y":236.5178100291051,"color":"#FF33A1","size":8,"action":"move","isEraser":false}}
Received: {"type":"draw","data":{"x":520,"y":239.87319177115197,"color":"#FF5733","size":8,"action":"move","isEraser":false}}
Received: {"type":"draw","data":{"x":530,"y":233.46622554144224,"color":"#FF5733","size":8,"action":"move","isEraser":false}}
Received: {"type":"draw","data":{"x":540,"y":218.86556012376784,"color":"#FF5733","size":8,"action":"move","isEraser":false}}
Received: {"type":"draw","data":{"x":550,"y":199.64594762838385,"color":"#FF5733","size":8,"action":"move","isEraser":false}}
Received: {"type":"draw","data":{"x":560,"y":180.5130195015796,"color":"#FF5733","size":8,"action":"move","isEraser":false}}
Received: {"type":"draw","data":{"x":570,"y":166.15118383299318,"color":"#FF5733","size":8,"action":"move","isEraser":false}}
Received: {"type":"draw","data":{"x":580,"y":160.07671888082416,"color":"#FF5733","size":8,"action":"move","isEraser":false}}
Received: {"type":"draw","data":{"x":590,"y":163.77686551973505,"color":"#FF5733","size":8,"action":"move","isEraser":false}}
Received: {"type":"draw","data":{"x":600,"y":176.34569880539502,"color":"#FF5733","size":8,"action":"move","isEraser":false}}
Received: {"type":"draw","data":{"x":460,"y":300,"color":"#3357FF","size":6,"action":"start","isEraser":false}}
Received: {"type":"draw","data":{"x":458.68885604402834,"y":312.47470144906555,"color":"#3357FF","size":6,"action":"move","isEraser":false}}
Received: {"type":"draw","data":{"x":454.8127274585561,"y":324.404198584548,"color":"#3357FF","size":6,"action":"move","isEraser":false}}
Received: {"type":"draw","data":{"x":448.54101966249686,"y":335.2671151375484,"color":"#3357FF","size":6,"action":"move","isEraser":false}}
Received: {"type":"draw","data":{"x":440.1478363815315,"y":344.58868952864367,"color":"#3357FF","size":6,"action":"move","isEraser":false}}
Received: {"type":"draw","data":{"x":430,"y":351.9615242270663,"color":"#3357FF","size":6,"action":"move","isEraser":false}}
Received: {"type":"draw","data":{"x":418.54101966249686,"y":357.0633909777092,"color":"#3357FF","size":6,"action":"move","isEraser":false}}
Received: {"type":"draw","data":{"x":406.2717077960592,"y":359.6713137220964,"color":"#3357FF","size":6,"action":"move","isEraser":false}}
Received: {"type":"draw","data":{"x":393.7282922039408,"y":359.6713137220964,"color":"#3357FF","size":6,"action":"move","isEraser":false}}
Received: {"type":"draw","data":{"x":381.45898033750314,"y":357.0633909777092,"color":"#3357FF","size":6,"action":"move","isEraser":false}}
Received: {"type":"draw","data":{"x":370,"y":351.9615242270663,"color":"#3357FF","size":6,"action":"move","isEraser":false}}
Received: {"type":"draw","data":{"x":359.8521636184685,"y":344.58868952864367,"color":"#3357FF","size":6,"action":"move","isEraser":false}}
Received: {"type":"draw","data":{"x":351.45898033750314,"y":335.2671151375484,"color":"#3357FF","size":6,"action":"move","isEraser":false}}
Received: {"type":"draw","data":{"x":345.1872725414439,"y":324.404198584548,"color":"#3357FF","size":6,"action":"move","isEraser":false}}
Received: {"type":"draw","data":{"x":341.31114395597166,"y":312.47470144906555,"color":"#3357FF","size":6,"action":"move","isEraser":false}}
Received: {"type":"draw","data":{"x":340,"y":300,"color":"#3357FF","size":6,"action":"move","isEraser":false}}
Received: {"type":"draw","data":{"x":341.31114395597166,"y":287.52529855093445,"color":"#3357FF","size":6,"action":"move","isEraser":false}}
Received: {"type":"draw","data":{"x":345.1872725414439,"y":275.595801415452,"color":"#3357FF","size":6,"action":"move","isEraser":false}}
Received: {"type":"draw","data":{"x":351.45898033750314,"y":264.7328848624516,"color":"#3357FF","size":6,"action":"move","isEraser":false}}
Received: {"type":"draw","data":{"x":359.85216361846847,"y":255.41131047135636,"color":"#3357FF","size":6,"action":"move","isEraser":false}}
Received: {"type":"draw","data":{"x":370,"y":248.03847577293368,"color":"#3357FF","size":6,"action":"move","isEraser":false}}
Received: {"type":"draw","data":{"x":381.45898033750314,"y":242.93660902229078,"color":"#3357FF","size":6,"action":"move","isEraser":false}}
Received: {"type":"draw","data":{"x":393.7282922039407,"y":240.3286862779036,"color":"#3357FF","size":6,"action":"move","isEraser":false}}
Received: {"type":"draw","data":{"x":406.2717077960592,"y":240.3286862779036,"color":"#3357FF","size":6,"action":"move","isEraser":false}}
Received: {"type":"draw","data":{"x":418.5410196624968,"y":242.93660902229078,"color":"#3357FF","size":6,"action":"move","isEraser":false}}
Received: {"type":"draw","data":{"x":430,"y":248.03847577293368,"color":"#3357FF","size":6,"action":"move","isEraser":false}}
Received: {"type":"draw","data":{"x":440.14783638153153,"y":255.41131047135636,"color":"#3357FF","size":6,"action":"move","isEraser":false}}
Received: {"type":"draw","data":{"x":448.54101966249686,"y":264.7328848624516,"color":"#3357FF","size":6,"action":"move","isEraser":false}}
Received: {"type":"draw","data":{"x":454.8127274585561,"y":275.595801415452,"color":"#3357FF","size":6,"action":"move","isEraser":false}}
Received: {"type":"draw","data":{"x":458.68885604402834,"y":287.5252985509344,"color":"#3357FF","size":6,"action":"move","isEraser":false}}
Received: {"type":"draw","data":{"x":460,"y":300,"color":"#3357FF","size":6,"action":"move","isEraser":false}}
Received: {"type":"draw","data":{"x":500,"y":150,"color":"#FF5733","size":12,"action":"start","isEraser":false}}
Received: {"type":"draw","data":{"x":550,"y":180,"color":"#33FF57","size":12,"action":"start","isEraser":false}}
Received: {"type":"draw","data":{"x":600,"y":220,"color":"#3357FF","size":12,"action":"start","isEraser":false}}
Client disconnected
Client disconnected
Client connected
Client disconnected
Client connected
Client disconnected
Client connected
Client disconnected
Client connected
Client disconnected
Client connected
Client disconnected
Client connected
Client disconnected
Client connected
Client disconnected
Client connected
Client disconnected
Client connected
Client connected
Received: {"type":"draw","data":{"action":"clear"}}
Received: {"type":"draw","data":{"x":500,"y":300,"color":"#333333","size":4,"action":"start","isEraser":false}}
Received: {"type":"draw","data":{"x":499.8026728428272,"y":303.1395259764657,"color":"#333333","size":4,"action":"move","isEraser":false}}
Received: {"type":"draw","data":{"x":499.21147013144775,"y":306.2666616782152,"color":"#333333","size":4,"action":"move","isEraser":false}}
Received: {"type":"draw","data":{"x":498.2287250728689,"y":309.3690657292862,"color":"#333333","size":4,"action":"move","isEraser":false}}
Received: {"type":"draw","data":{"x":496.8583161128631,"y":312.4344943582427,"color":"#333333","size":4,"action":"move","isEraser":false}}
Received: {"type":"draw","data":{"x":495.10565162951536,"y":315.45084971874735,"color":"#333333","size":4,"action":"move","isEraser":false}}
Received: {"type":"draw","data":{"x":492.97764858882516,"y":318.4062276342339,"color":"#333333","size":4,"action":"move","isEraser":false}}
Received: {"type":"draw","data":{"x":490.48270524660194,"y":321.2889645782536,"color":"#333333","size":4,"action":"move","isEraser":false}}
Received: {"type":"draw","data":{"x":487.6306680043864,"y":324.08768370508574,"color":"#333333","size":4,"action":"move","isEraser":false}}
Received: {"type":"draw","data":{"x":484.4327925502015,"y":326.79133974894984,"color":"#333333","size":4,"action":"move","isEraser":false}}
Received: {"type":"draw","data":{"x":480.90169943749476,"y":329.38926261462365,"color":"#333333","size":4,"action":"move","isEraser":false}}
Received: {"type":"draw","data":{"x":477.05132427757894,"y":331.87119948743447,"color":"#333333","size":4,"action":"move","isEraser":false}}
Received: {"type":"draw","data":{"x":472.89686274214114,"y":334.22735529643444,"color":"#333333","size":4,"action":"move","isEraser":false}}
Received: {"type":"draw","data":{"x":468.4547105928689,"y":336.44843137107057,"color":"#333333","size":4,"action":"move","isEraser":false}}
Received: {"type":"draw","data":{"x":463.74239897486893,"y":338.52566213878947,"color":"#333333","size":4,"action":"move","isEraser":false}}
Received: {"type":"draw","data":{"x":458.7785252292473,"y":340.45084971874735,"color":"#333333","size":4,"action":"move","isEraser":false}}
Received: {"type":"draw","data":{"x":453.5826794978997,"y":342.21639627510075,"color":"#333333","size":4,"action":"move","isEraser":false}}
Received: {"type":"draw","data":{"x":448.17536741017153,"y":343.8153340021932,"color":"#333333","size":4,"action":"move","isEraser":false}}
Received: {"type":"draw","data":{"x":442.57792915650725,"y":345.241352623301,"color":"#333333","size":4,"action":"move","isEraser":false}}
Received: {"type":"draw","data":{"x":436.81245526846783,"y":346.48882429441255,"color":"#333333","size":4,"action":"move","isEraser":false}}
Received: {"type":"draw","data":{"x":430.90169943749476,"y":347.5528258147577,"color":"#333333","size":4,"action":"move","isEraser":false}}
Received: {"type":"draw","data":{"x":424.8689887164855,"y":348.42915805643156,"color":"#333333","size":4,"action":"move","isEraser":false}}
Received: {"type":"draw","data":{"x":418.73813145857247,"y":349.11436253643444,"color":"#333333","size":4,"action":"move","isEraser":false}}
Received: {"type":"draw","data":{"x":412.5333233564304,"y":349.6057350657239,"color":"#333333","size":4,"action":"move","isEraser":false}}
Received: {"type":"draw","data":{"x":406.27905195293135,"y":349.9013364214136,"color":"#333333","size":4,"action":"move","isEraser":false}}
Received: {"type":"draw","data":{"x":400,"y":350,"color":"#333333","size":4,"action":"move","isEraser":false}}
Received: {"type":"draw","data":{"x":393.72094804706865,"y":349.9013364214136,"color":"#333333","size":4,"action":"move","isEraser":false}}
Received: {"type":"draw","data":{"x":387.46667664356954,"y":349.6057350657239,"color":"#333333","size":4,"action":"move","isEraser":false}}
Received: {"type":"draw","data":{"x":381.26186854142753,"y":349.11436253643444,"color":"#333333","size":4,"action":"move","isEraser":false}}
Received: {"type":"draw","data":{"x":375.13101128351457,"y":348.42915805643156,"color":"#333333","size":4,"action":"move","isEraser":false}}
Received: {"type":"draw","data":{"x":369.09830056250524,"y":347.5528258147577,"color":"#333333","size":4,"action":"move","isEraser":false}}
Received: {"type":"draw","data":{"x":363.18754473153217,"y":346.48882429441255,"color":"#333333","size":4,"action":"move","isEraser":false}}
Received: {"type":"draw","data":{"x":357.42207084349275,"y":345.241352623301,"color":"#333333","size":4,"action":"move","isEraser":false}}
Received: {"type":"draw","data":{"x":351.82463258982847,"y":343.8153340021932,"color":"#333333","size":4,"action":"move","isEraser":false}}
Received: {"type":"draw","data":{"x":346.4173205021003,"y":342.21639627510075,"color":"#333333","size":4,"action":"move","isEraser":false}}
Received: {"type":"draw","data":{"x":341.2214747707527,"y":340.45084971874735,"color":"#333333","size":4,"action":"move","isEraser":false}}
Received: {"type":"draw","data":{"x":336.257601025131,"y":338.52566213878947,"color":"#333333","size":4,"action":"move","isEraser":false}}
Received: {"type":"draw","data":{"x":331.5452894071311,"y":336.44843137107057,"color":"#333333","size":4,"action":"move","isEraser":false}}
Received: {"type":"draw","data":{"x":327.10313725785886,"y":334.22735529643444,"color":"#333333","size":4,"action":"move","isEraser":false}}
Received: {"type":"draw","data":{"x":322.94867572242106,"y":331.87119948743447,"color":"#333333","size":4,"action":"move","isEraser":false}}
Received: {"type":"draw","data":{"x":319.0983005625053,"y":329.38926261462365,"color":"#333333","size":4,"action":"move","isEraser":false}}
Received: {"type":"draw","data":{"x":315.5672074497985,"y":326.79133974894984,"color":"#333333","size":4,"action":"move","isEraser":false}}
Received: {"type":"draw","data":{"x":312.36933199561366,"y":324.0876837050858,"color":"#333333","size":4,"action":"move","isEraser":false}}
Received: {"type":"draw","data":{"x":309.51729475339806,"y":321.2889645782536,"color":"#333333","size":4,"action":"move","isEraser":false}}
Received: {"type":"draw","data":{"x":307.0223514111749,"y":318.4062276342339,"color":"#333333","size":4,"action":"move","isEraser":false}}
Received: {"type":"draw","data":{"x":304.89434837048464,"y":315.45084971874735,"color":"#333333","size":4,"action":"move","isEraser":false}}
Received: {"type":"draw","data":{"x":303.1416838871369,"y":312.4344943582427,"color":"#333333","size":4,"action":"move","isEraser":false}}
Received: {"type":"draw","data":{"x":301.7712749271311,"y":309.36906572928626,"color":"#333333","size":4,"action":"move","isEraser":false}}
Received: {"type":"draw","data":{"x":300.78852986855225,"y":306.2666616782152,"color":"#333333","size":4,"action":"move","isEraser":false}}
Received: {"type":"draw","data":{"x":300.1973271571728,"y":303.1395259764657,"color":"#333333","size":4,"action":"move","isEraser":false}}
Received: {"type":"draw","data":{"x":300,"y":300,"color":"#333333","size":4,"action":"move","isEraser":false}}
Received: {"type":"draw","data":{"x":300.1973271571728,"y":296.8604740235343,"color":"#333333","size":4,"action":"move","isEraser":false}}
Received: {"type":"draw","data":{"x":300.78852986855225,"y":293.7333383217848,"color":"#333333","size":4,"action":"move","isEraser":false}}
Received: {"type":"draw","data":{"x":301.7712749271311,"y":290.63093427071374,"color":"#333333","size":4,"action":"move","isEraser":false}}
Received: {"type":"draw","data":{"x":303.1416838871369,"y":287.5655056417572,"color":"#333333","size":4,"action":"move","isEraser":false}}
Received: {"type":"draw","data":{"x":304.89434837048464,"y":284.5491502812526,"color":"#333333","size":4,"action":"move","isEraser":false}}
Received: {"type":"draw","data":{"x":307.0223514111749,"y":281.5937723657661,"color":"#333333","size":4,"action":"move","isEraser":false}}
Received: {"type":"draw","data":{"x":309.517294753398,"y":278.7110354217464,"color":"#333333","size":4,"action":"move","isEraser":false}}
Received: {"type":"draw","data":{"x":312.3693319956136,"y":275.91231629491426,"color":"#333333","size":4,"action":"move","isEraser":false}}
Received: {"type":"draw","data":{"x":315.5672074497985,"y":273.20866025105016,"color":"#333333","size":4,"action":"move","isEraser":false}}
Received: {"type":"draw","data":{"x":319.09830056250524,"y":270.61073738537635,"color":"#333333","size":4,"action":"move","isEraser":false}}
Received: {"type":"draw","data":{"x":322.94867572242106,"y":268.12880051256553,"color":"#333333","size":4,"action":"move","isEraser":false}}
Received: {"type":"draw","data":{"x":327.10313725785886,"y":265.77264470356556,"color":"#333333","size":4,"action":"move","isEraser":false}}
Received: {"type":"draw","data":{"x":331.5452894071311,"y":263.55156862892943,"color":"#333333","size":4,"action":"move","isEraser":false}}
Received: {"type":"draw","data":{"x":336.25760102513107,"y":261.47433786121053,"color":"#333333","size":4,"action":"move","isEraser":false}}
Received: {"type":"draw","data":{"x":341.2214747707527,"y":259.54915028125265,"color":"#333333","size":4,"action":"move","isEraser":false}}
Received: {"type":"draw","data":{"x":346.4173205021004,"y":257.78360372489925,"color":"#333333","size":4,"action":"move","isEraser":false}}
Received: {"type":"draw","data":{"x":351.82463258982847,"y":256.1846659978068,"color":"#333333","size":4,"action":"move","isEraser":false}}
Received: {"type":"draw","data":{"x":357.4220708434928,"y":254.758647376699,"color":"#333333","size":4,"action":"move","isEraser":false}}
Received: {"type":"draw","data":{"x":363.18754473153217,"y":253.51117570558745,"color":"#333333","size":4,"action":"move","isEraser":false}}
Received: {"type":"draw","data":{"x":369.09830056250524,"y":252.44717418524232,"color":"#333333","size":4,"action":"move","isEraser":false}}
Received: {"type":"draw","data":{"x":375.13101128351445,"y":251.57084194356844,"color":"#333333","size":4,"action":"move","isEraser":false}}
Received: {"type":"draw","data":{"x":381.26186854142753,"y":250.88563746356556,"color":"#333333","size":4,"action":"move","isEraser":false}}
Received: {"type":"draw","data":{"x":387.46667664356954,"y":250.39426493427612,"color":"#333333","size":4,"action":"move","isEraser":false}}
Received: {"type":"draw","data":{"x":393.7209480470687,"y":250.0986635785864,"color":"#333333","size":4,"action":"move","isEraser":false}}
Received: {"type":"draw","data":{"x":400,"y":250,"color":"#333333","size":4,"action":"move","isEraser":false}}
Received: {"type":"draw","data":{"x":406.2790519529313,"y":250.0986635785864,"color":"#333333","size":4,"action":"move","isEraser":false}}
Received: {"type":"draw","data":{"x":412.5333233564304,"y":250.39426493427612,"color":"#333333","size":4,"action":"move","isEraser":false}}
Received: {"type":"draw","data":{"x":418.7381314585724,"y":250.88563746356556,"color":"#333333","size":4,"action":"move","isEraser":false}}
Received: {"type":"draw","data":{"x":424.8689887164855,"y":251.57084194356844,"color":"#333333","size":4,"action":"move","isEraser":false}}
Received: {"type":"draw","data":{"x":430.9016994374947,"y":252.44717418524232,"color":"#333333","size":4,"action":"move","isEraser":false}}
Received: {"type":"draw","data":{"x":436.81245526846783,"y":253.51117570558745,"color":"#333333","size":4,"action":"move","isEraser":false}}
Received: {"type":"draw","data":{"x":442.5779291565072,"y":254.758647376699,"color":"#333333","size":4,"action":"move","isEraser":false}}
Received: {"type":"draw","data":{"x":448.1753674101715,"y":256.1846659978068,"color":"#333333","size":4,"action":"move","isEraser":false}}
Received: {"type":"draw","data":{"x":453.5826794978996,"y":257.7836037248992,"color":"#333333","size":4,"action":"move","isEraser":false}}
Received: {"type":"draw","data":{"x":458.7785252292473,"y":259.54915028125265,"color":"#333333","size":4,"action":"move","isEraser":false}}
Received: {"type":"draw","data":{"x":463.74239897486893,"y":261.47433786121053,"color":"#333333","size":4,"action":"move","isEraser":false}}
Received: {"type":"draw","data":{"x":468.4547105928689,"y":263.55156862892943,"color":"#333333","size":4,"action":"move","isEraser":false}}
Received: {"type":"draw","data":{"x":472.89686274214114,"y":265.77264470356556,"color":"#333333","size":4,"action":"move","isEraser":false}}
Received: {"type":"draw","data":{"x":477.05132427757894,"y":268.12880051256553,"color":"#333333","size":4,"action":"move","isEraser":false}}
Received: {"type":"draw","data":{"x":480.9016994374947,"y":270.61073738537635,"color":"#333333","size":4,"action":"move","isEraser":false}}
Received: {"type":"draw","data":{"x":484.4327925502015,"y":273.20866025105016,"color":"#333333","size":4,"action":"move","isEraser":false}}
Received: {"type":"draw","data":{"x":487.6306680043864,"y":275.91231629491426,"color":"#333333","size":4,"action":"move","isEraser":false}}
Received: {"type":"draw","data":{"x":490.482705246602,"y":278.7110354217464,"color":"#333333","size":4,"action":"move","isEraser":false}}
Received: {"type":"draw","data":{"x":492.9776485888251,"y":281.5937723657661,"color":"#333333","size":4,"action":"move","isEraser":false}}
Received: {"type":"draw","data":{"x":495.10565162951536,"y":284.5491502812526,"color":"#333333","size":4,"action":"move","isEraser":false}}
Received: {"type":"draw","data":{"x":496.8583161128631,"y":287.5655056417572,"color":"#333333","size":4,"action":"move","isEraser":false}}
Received: {"type":"draw","data":{"x":498.2287250728689,"y":290.63093427071374,"color":"#333333","size":4,"action":"move","isEraser":false}}
Received: {"type":"draw","data":{"x":499.21147013144775,"y":293.73333832178474,"color":"#333333","size":4,"action":"move","isEraser":false}}
Received: {"type":"draw","data":{"x":499.8026728428272,"y":296.8604740235343,"color":"#333333","size":4,"action":"move","isEraser":false}}
Received: {"type":"draw","data":{"x":500,"y":300,"color":"#333333","size":4,"action":"move","isEraser":false}}
Received: {"type":"draw","data":{"x":480,"y":260,"color":"#333333","size":4,"action":"start","isEraser":false}}
Received: {"type":"draw","data":{"x":500,"y":220,"color":"#333333","size":4,"action":"move","isEraser":false}}
Received: {"type":"draw","data":{"x":520,"y":260,"color":"#333333","size":4,"action":"move","isEraser":false}}
Received: {"type":"draw","data":{"x":300,"y":300,"color":"#333333","size":4,"action":"start","isEraser":false}}
Received: {"type":"draw","data":{"x":260,"y":260,"color":"#333333","size":4,"action":"move","isEraser":false}}
Received: {"type":"draw","data":{"x":260,"y":340,"color":"#333333","size":4,"action":"move","isEraser":false}}
Received: {"type":"draw","data":{"x":300,"y":300,"color":"#333333","size":4,"action":"move","isEraser":false}}
Received: {"type":"draw","data":{"x":460,"y":280,"color":"#000000","size":6,"action":"start","isEraser":false}}
Received: {"type":"draw","data":{"x":430,"y":310,"color":"#FF0000","size":3,"action":"start","isEraser":false}}
Received: {"type":"draw","data":{"x":432,"y":312.34651697560344,"color":"#FF0000","size":3,"action":"move","isEraser":false}}
Received: {"type":"draw","data":{"x":434,"y":314.6352549156242,"color":"#FF0000","size":3,"action":"move","isEraser":false}}
Received: {"type":"draw","data":{"x":436,"y":316.8098574960932,"color":"#FF0000","size":3,"action":"move","isEraser":false}}
Received: {"type":"draw","data":{"x":438,"y":318.8167787843871,"color":"#FF0000","size":3,"action":"move","isEraser":false}}
Received: {"type":"draw","data":{"x":440,"y":320.6066017177982,"color":"#FF0000","size":3,"action":"move","isEraser":false}}
Received: {"type":"draw","data":{"x":442,"y":322.1352549156242,"color":"#FF0000","size":3,"action":"move","isEraser":false}}
Received: {"type":"draw","data":{"x":444,"y":323.3650978628255,"color":"#FF0000","size":3,"action":"move","isEraser":false}}
Received: {"type":"draw","data":{"x":446,"y":324.2658477444273,"color":"#FF0000","size":3,"action":"move","isEraser":false}}
Received: {"type":"draw","data":{"x":448,"y":324.8153251089271,"color":"#FF0000","size":3,"action":"move","isEraser":false}}
Received: {"type":"draw","data":{"x":450,"y":325,"color":"#FF0000","size":3,"action":"move","isEraser":false}}
Received: {"type":"draw","data":{"x":452,"y":324.8153251089271,"color":"#FF0000","size":3,"action":"move","isEraser":false}}
Received: {"type":"draw","data":{"x":454,"y":324.26584774442733,"color":"#FF0000","size":3,"action":"move","isEraser":false}}
Received: {"type":"draw","data":{"x":456,"y":323.3650978628255,"color":"#FF0000","size":3,"action":"move","isEraser":false}}
Received: {"type":"draw","data":{"x":458,"y":322.1352549156242,"color":"#FF0000","size":3,"action":"move","isEraser":false}}
Received: {"type":"draw","data":{"x":460,"y":320.6066017177982,"color":"#FF0000","size":3,"action":"move","isEraser":false}}
Received: {"type":"draw","data":{"x":462,"y":318.8167787843871,"color":"#FF0000","size":3,"action":"move","isEraser":false}}
Received: {"type":"draw","data":{"x":464,"y":316.80985749609323,"color":"#FF0000","size":3,"action":"move","isEraser":false}}
Received: {"type":"draw","data":{"x":466,"y":314.6352549156242,"color":"#FF0000","size":3,"action":"move","isEraser":false}}
Received: {"type":"draw","data":{"x":468,"y":312.3465169756035,"color":"#FF0000","size":3,"action":"move","isEraser":false}}
Received: {"type":"draw","data":{"x":470,"y":310,"color":"#FF0000","size":3,"action":"move","isEraser":false}}
Received: {"type":"draw","data":{"x":380,"y":330,"color":"#333333","size":4,"action":"start","isEraser":false}}
Received: {"type":"draw","data":{"x":380,"y":350,"color":"#333333","size":4,"action":"move","isEraser":false}}
Received: {"type":"draw","data":{"x":367.5,"y":350,"color":"#0066CC","size":5,"action":"start","isEraser":false}}
Received: {"type":"draw","data":{"x":392.5,"y":350,"color":"#0066CC","size":5,"action":"move","isEraser":false}}
Received: {"type":"draw","data":{"x":392.5,"y":365,"color":"#0066CC","size":5,"action":"move","isEraser":false}}
Received: {"type":"draw","data":{"x":367.5,"y":365,"color":"#0066CC","size":5,"action":"move","isEraser":false}}
Received: {"type":"draw","data":{"x":367.5,"y":350,"color":"#0066CC","size":5,"action":"move","isEraser":false}}
Received: {"type":"draw","data":{"x":375,"y":355,"color":"#FFFFFF","size":2,"action":"start","isEraser":false}}
Received: {"type":"draw","data":{"x":376.5,"y":356.54508497187476,"color":"#FFFFFF","size":2,"action":"move","isEraser":false}}
Received: {"type":"draw","data":{"x":378,"y":357.93892626146237,"color":"#FFFFFF","size":2,"action":"move","isEraser":false}}
Received: {"type":"draw","data":{"x":379.5,"y":359.04508497187476,"color":"#FFFFFF","size":2,"action":"move","isEraser":false}}
Received: {"type":"draw","data":{"x":381,"y":359.75528258147574,"color":"#FFFFFF","size":2,"action":"move","isEraser":false}}
Received: {"type":"draw","data":{"x":382.5,"y":360,"color":"#FFFFFF","size":2,"action":"move","isEraser":false}}
Received: {"type":"draw","data":{"x":384,"y":359.75528258147574,"color":"#FFFFFF","size":2,"action":"move","isEraser":false}}
Received: {"type":"draw","data":{"x":385.5,"y":359.04508497187476,"color":"#FFFFFF","size":2,"action":"move","isEraser":false}}
Received: {"type":"draw","data":{"x":387,"y":357.93892626146237,"color":"#FFFFFF","size":2,"action":"move","isEraser":false}}
Received: {"type":"draw","data":{"x":388.5,"y":356.54508497187476,"color":"#FFFFFF","size":2,"action":"move","isEraser":false}}
Received: {"type":"draw","data":{"x":390,"y":355,"color":"#FFFFFF","size":2,"action":"move","isEraser":false}}
Received: {"type":"draw","data":{"x":420,"y":330,"color":"#333333","size":4,"action":"start","isEraser":false}}
Received: {"type":"draw","data":{"x":420,"y":350,"color":"#333333","size":4,"action":"move","isEraser":false}}
Received: {"type":"draw","data":{"x":407.5,"y":350,"color":"#0066CC","size":5,"action":"start","isEraser":false}}
Received: {"type":"draw","data":{"x":432.5,"y":350,"color":"#0066CC","size":5,"action":"move","isEraser":false}}
Received: {"type":"draw","data":{"x":432.5,"y":365,"color":"#0066CC","size":5,"action":"move","isEraser":false}}
Received: {"type":"draw","data":{"x":407.5,"y":365,"color":"#0066CC","size":5,"action":"move","isEraser":false}}
Received: {"type":"draw","data":{"x":407.5,"y":350,"color":"#0066CC","size":5,"action":"move","isEraser":false}}
Received: {"type":"draw","data":{"x":415,"y":355,"color":"#FFFFFF","size":2,"action":"start","isEraser":false}}
Received: {"type":"draw","data":{"x":416.5,"y":356.54508497187476,"color":"#FFFFFF","size":2,"action":"move","isEraser":false}}
Received: {"type":"draw","data":{"x":418,"y":357.93892626146237,"color":"#FFFFFF","size":2,"action":"move","isEraser":false}}
Received: {"type":"draw","data":{"x":419.5,"y":359.04508497187476,"color":"#FFFFFF","size":2,"action":"move","isEraser":false}}
Received: {"type":"draw","data":{"x":421,"y":359.75528258147574,"color":"#FFFFFF","size":2,"action":"move","isEraser":false}}
Received: {"type":"draw","data":{"x":422.5,"y":360,"color":"#FFFFFF","size":2,"action":"move","isEraser":false}}
Received: {"type":"draw","data":{"x":424,"y":359.75528258147574,"color":"#FFFFFF","size":2,"action":"move","isEraser":false}}
Received: {"type":"draw","data":{"x":425.5,"y":359.04508497187476,"color":"#FFFFFF","size":2,"action":"move","isEraser":false}}
Received: {"type":"draw","data":{"x":427,"y":357.93892626146237,"color":"#FFFFFF","size":2,"action":"move","isEraser":false}}
Received: {"type":"draw","data":{"x":428.5,"y":356.54508497187476,"color":"#FFFFFF","size":2,"action":"move","isEraser":false}}
Received: {"type":"draw","data":{"x":430,"y":355,"color":"#FFFFFF","size":2,"action":"move","isEraser":false}}
Received: {"type":"draw","data":{"x":460,"y":330,"color":"#333333","size":4,"action":"start","isEraser":false}}
Received: {"type":"draw","data":{"x":460,"y":350,"color":"#333333","size":4,"action":"move","isEraser":false}}
Received: {"type":"draw","data":{"x":447.5,"y":350,"color":"#0066CC","size":5,"action":"start","isEraser":false}}
Received: {"type":"draw","data":{"x":472.5,"y":350,"color":"#0066CC","size":5,"action":"move","isEraser":false}}
Received: {"type":"draw","data":{"x":472.5,"y":365,"color":"#0066CC","size":5,"action":"move","isEraser":false}}
Received: {"type":"draw","data":{"x":447.5,"y":365,"color":"#0066CC","size":5,"action":"move","isEraser":false}}
Received: {"type":"draw","data":{"x":447.5,"y":350,"color":"#0066CC","size":5,"action":"move","isEraser":false}}
Received: {"type":"draw","data":{"x":455,"y":355,"color":"#FFFFFF","size":2,"action":"start","isEraser":false}}
Received: {"type":"draw","data":{"x":456.5,"y":356.54508497187476,"color":"#FFFFFF","size":2,"action":"move","isEraser":false}}
Received: {"type":"draw","data":{"x":458,"y":357.93892626146237,"color":"#FFFFFF","size":2,"action":"move","isEraser":false}}
Received: {"type":"draw","data":{"x":459.5,"y":359.04508497187476,"color":"#FFFFFF","size":2,"action":"move","isEraser":false}}
Received: {"type":"draw","data":{"x":461,"y":359.75528258147574,"color":"#FFFFFF","size":2,"action":"move","isEraser":false}}
Received: {"type":"draw","data":{"x":462.5,"y":360,"color":"#FFFFFF","size":2,"action":"move","isEraser":false}}
Received: {"type":"draw","data":{"x":464,"y":359.75528258147574,"color":"#FFFFFF","size":2,"action":"move","isEraser":false}}
Received: {"type":"draw","data":{"x":465.5,"y":359.04508497187476,"color":"#FFFFFF","size":2,"action":"move","isEraser":false}}
Received: {"type":"draw","data":{"x":467,"y":357.93892626146237,"color":"#FFFFFF","size":2,"action":"move","isEraser":false}}
Received: {"type":"draw","data":{"x":468.5,"y":356.54508497187476,"color":"#FFFFFF","size":2,"action":"move","isEraser":false}}
Received: {"type":"draw","data":{"x":470,"y":355,"color":"#FFFFFF","size":2,"action":"move","isEraser":false}}
Received: {"type":"draw","data":{"x":200,"y":500,"color":"#FF00FF","size":8,"action":"start","isEraser":false}}
Received: {"type":"draw","data":{"x":220,"y":510,"color":"#FF00FF","size":8,"action":"start","isEraser":false}}
Received: {"type":"draw","data":{"x":240,"y":520,"color":"#FF00FF","size":8,"action":"start","isEraser":false}}
Received: {"type":"draw","data":{"x":260,"y":500,"color":"#FF00FF","size":8,"action":"start","isEraser":false}}
Received: {"type":"draw","data":{"x":280,"y":510,"color":"#FF00FF","size":8,"action":"start","isEraser":false}}
Received: {"type":"draw","data":{"x":300,"y":520,"color":"#FF00FF","size":8,"action":"start","isEraser":false}}
Received: {"type":"draw","data":{"x":320,"y":500,"color":"#FF00FF","size":8,"action":"start","isEraser":false}}
Received: {"type":"draw","data":{"x":340,"y":510,"color":"#FF00FF","size":8,"action":"start","isEraser":false}}
Received: {"type":"draw","data":{"x":360,"y":520,"color":"#FF00FF","size":8,"action":"start","isEraser":false}}
Received: {"type":"draw","data":{"x":380,"y":500,"color":"#FF00FF","size":8,"action":"start","isEraser":false}}
Received: {"type":"draw","data":{"x":400,"y":510,"color":"#FF00FF","size":8,"action":"start","isEraser":false}}
Received: {"type":"draw","data":{"x":420,"y":520,"color":"#FF00FF","size":8,"action":"start","isEraser":false}}
Received: {"type":"draw","data":{"x":440,"y":500,"color":"#FF00FF","size":8,"action":"start","isEraser":false}}
Received: {"type":"draw","data":{"x":460,"y":510,"color":"#FF00FF","size":8,"action":"start","isEraser":false}}
Received: {"type":"draw","data":{"x":480,"y":520,"color":"#FF00FF","size":8,"action":"start","isEraser":false}}
Received: {"type":"draw","data":{"x":500,"y":500,"color":"#FF00FF","size":8,"action":"start","isEraser":false}}
Received: {"type":"draw","data":{"x":520,"y":510,"color":"#FF00FF","size":8,"action":"start","isEraser":false}}
Client disconnected
Received: {"type":"draw","data":{"x":377.6719284057617,"y":438.82281494140625,"color":"#2563eb","size":5,"action":"start","isEraser":false}}
Received: {"type":"draw","data":{"x":377.6719284057617,"y":438.82281494140625,"color":"#2563eb","size":5,"action":"move","isEraser":false}}
Received: {"type":"draw","data":{"x":378.3895492553711,"y":438.82281494140625,"color":"#2563eb","size":5,"action":"move","isEraser":false}}
Received: {"type":"draw","data":{"x":378.3895492553711,"y":438.82281494140625,"color":"#2563eb","size":5,"action":"start","isEraser":false}}
Received: {"type":"draw","data":{"x":378.3895492553711,"y":438.82281494140625,"color":"#2563eb","size":5,"action":"move","isEraser":false}}
Received: {"type":"draw","data":{"x":380.7816696166992,"y":440.89605712890625,"color":"#2563eb","size":5,"action":"move","isEraser":false}}
Received: {"type":"draw","data":{"x":382.6953659057617,"y":441.93255615234375,"color":"#2563eb","size":5,"action":"move","isEraser":false}}
Received: {"type":"draw","data":{"x":394.6559371948242,"y":448.67034912109375,"color":"#2563eb","size":5,"action":"move","isEraser":false}}
Received: {"type":"draw","data":{"x":399.44014739990234,"y":451.78009033203125,"color":"#2563eb","size":5,"action":"move","isEraser":false}}
Received: {"type":"draw","data":{"x":401.35384368896484,"y":453.85321044921875,"color":"#2563eb","size":5,"action":"move","isEraser":false}}
Received: {"type":"draw","data":{"x":400.63622283935547,"y":456.44476318359375,"color":"#2563eb","size":5,"action":"move","isEraser":false}}
Received: {"type":"draw","data":{"x":400.15779876708984,"y":460.07269287109375,"color":"#2563eb","size":5,"action":"move","isEraser":false}}
Received: {"type":"draw","data":{"x":399.44014739990234,"y":463.18243408203125,"color":"#2563eb","size":5,"action":"move","isEraser":false}}
Received: {"type":"draw","data":{"x":398.9617233276367,"y":467.32879638671875,"color":"#2563eb","size":5,"action":"move","isEraser":false}}
Received: {"type":"draw","data":{"x":397.04805755615234,"y":471.47515869140625,"color":"#2563eb","size":5,"action":"move","isEraser":false}}
Received: {"type":"draw","data":{"x":393.4598617553711,"y":481.32269287109375,"color":"#2563eb","size":5,"action":"move","isEraser":false}}
Received: {"type":"draw","data":{"x":392.50304412841797,"y":487.02386474609375,"color":"#2563eb","size":5,"action":"move","isEraser":false}}
Received: {"type":"draw","data":{"x":391.0677719116211,"y":493.24334716796875,"color":"#2563eb","size":5,"action":"move","isEraser":false}}
Received: {"type":"draw","data":{"x":388.9148483276367,"y":499.98114013671875,"color":"#2563eb","size":5,"action":"move","isEraser":false}}
Received: {"type":"draw","data":{"x":386.76195526123047,"y":505.68243408203125,"color":"#2563eb","size":5,"action":"move","isEraser":false}}
Received: {"type":"draw","data":{"x":386.28353118896484,"y":511.90191650390625,"color":"#2563eb","size":5,"action":"move","isEraser":false}}
Received: {"type":"draw","data":{"x":385.56591033935547,"y":517.6030883789062,"color":"#2563eb","size":5,"action":"move","isEraser":false}}
Received: {"type":"draw","data":{"x":385.8051071166992,"y":522.2676391601562,"color":"#2563eb","size":5,"action":"move","isEraser":false}}
Received: {"type":"draw","data":{"x":385.8051071166992,"y":526.9323120117188,"color":"#2563eb","size":5,"action":"move","isEraser":false}}
Received: {"type":"draw","data":{"x":386.28353118896484,"y":531.5968627929688,"color":"#2563eb","size":5,"action":"move","isEraser":false}}
Received: {"type":"draw","data":{"x":386.28353118896484,"y":534.7066040039062,"color":"#2563eb","size":5,"action":"move","isEraser":false}}
Received: {"type":"draw","data":{"x":386.28353118896484,"y":537.8163452148438,"color":"#2563eb","size":5,"action":"move","isEraser":false}}
Received: {"type":"draw","data":{"x":386.28353118896484,"y":540.4078979492188,"color":"#2563eb","size":5,"action":"move","isEraser":false}}
Received: {"type":"draw","data":{"x":386.76195526123047,"y":542.9993286132812,"color":"#2563eb","size":5,"action":"move","isEraser":false}}
Received: {"type":"draw","data":{"x":387.47960662841797,"y":544.5542602539062,"color":"#2563eb","size":5,"action":"move","isEraser":false}}
Received: {"type":"draw","data":{"x":387.47960662841797,"y":545.0725708007812,"color":"#2563eb","size":5,"action":"move","isEraser":false}}
Received: {"type":"draw","data":{"x":387.47960662841797,"y":545.5907592773438,"color":"#2563eb","size":5,"action":"move","isEraser":false}}
Received: {"type":"draw","data":{"x":387.7188034057617,"y":545.0725708007812,"color":"#2563eb","size":5,"action":"move","isEraser":false}}
Received: {"type":"draw","data":{"x":387.7188034057617,"y":545.0725708007812,"color":"#2563eb","size":5,"action":"move","isEraser":false}}
Received: {"type":"draw","data":{"x":387.7188034057617,"y":545.0725708007812,"color":"#2563eb","size":5,"action":"move","isEraser":false}}
Received: {"type":"draw","data":{"x":387.7188034057617,"y":545.0725708007812,"color":"#2563eb","size":5,"action":"move","isEraser":false}}
Received: {"type":"draw","data":{"x":387.9580307006836,"y":544.5542602539062,"color":"#2563eb","size":5,"action":"move","isEraser":false}}
Received: {"type":"draw","data":{"x":387.7188034057617,"y":544.0359497070312,"color":"#2563eb","size":5,"action":"move","isEraser":false}}
Received: {"type":"draw","data":{"x":386.5227584838867,"y":542.9993286132812,"color":"#2563eb","size":5,"action":"move","isEraser":false}}
Received: {"type":"draw","data":{"x":383.8914108276367,"y":541.9628295898438,"color":"#2563eb","size":5,"action":"move","isEraser":false}}
Received: {"type":"draw","data":{"x":379.34639739990234,"y":540.4078979492188,"color":"#2563eb","size":5,"action":"move","isEraser":false}}
Received: {"type":"draw","data":{"x":373.8445358276367,"y":539.3712768554688,"color":"#2563eb","size":5,"action":"move","isEraser":false}}
Received: {"type":"draw","data":{"x":368.3426742553711,"y":539.3712768554688,"color":"#2563eb","size":5,"action":"move","isEraser":false}}
Received: {"type":"draw","data":{"x":362.36241912841797,"y":538.8530883789062,"color":"#2563eb","size":5,"action":"move","isEraser":false}}
Client disconnected
Client connected
Client disconnected
Client connected
Received: {"type":"draw","data":{"action":"clear"}}
Received: {"type":"draw","data":{"x":450,"y":200,"color":"#8B4513","size":4,"action":"start","isEraser":false}}
Received: {"type":"draw","data":{"x":449.9013364214136,"y":203.13952597646568,"color":"#8B4513","size":4,"action":"move","isEraser":false}}
Received: {"type":"draw","data":{"x":449.6057350657239,"y":206.2666616782152,"color":"#8B4513","size":4,"action":"move","isEraser":false}}
Received: {"type":"draw","data":{"x":449.11436253643444,"y":209.36906572928623,"color":"#8B4513","size":4,"action":"move","isEraser":false}}
Received: {"type":"draw","data":{"x":448.42915805643156,"y":212.43449435824274,"color":"#8B4513","size":4,"action":"move","isEraser":false}}
Received: {"type":"draw","data":{"x":447.5528258147577,"y":215.45084971874738,"color":"#8B4513","size":4,"action":"move","isEraser":false}}
Received: {"type":"draw","data":{"x":446.48882429441255,"y":218.4062276342339,"color":"#8B4513","size":4,"action":"move","isEraser":false}}
Received: {"type":"draw","data":{"x":445.241352623301,"y":221.28896457825363,"color":"#8B4513","size":4,"action":"move","isEraser":false}}
Received: {"type":"draw","data":{"x":443.8153340021932,"y":224.08768370508577,"color":"#8B4513","size":4,"action":"move","isEraser":false}}
Received: {"type":"draw","data":{"x":442.21639627510075,"y":226.79133974894984,"color":"#8B4513","size":4,"action":"move","isEraser":false}}
Received: {"type":"draw","data":{"x":440.45084971874735,"y":229.38926261462365,"color":"#8B4513","size":4,"action":"move","isEraser":false}}
Received: {"type":"draw","data":{"x":438.52566213878947,"y":231.87119948743447,"color":"#8B4513","size":4,"action":"move","isEraser":false}}
Received: {"type":"draw","data":{"x":436.44843137107057,"y":234.22735529643444,"color":"#8B4513","size":4,"action":"move","isEraser":false}}
Received: {"type":"draw","data":{"x":434.22735529643444,"y":236.44843137107057,"color":"#8B4513","size":4,"action":"move","isEraser":false}}
Received: {"type":"draw","data":{"x":431.87119948743447,"y":238.52566213878947,"color":"#8B4513","size":4,"action":"move","isEraser":false}}
Received: {"type":"draw","data":{"x":429.38926261462365,"y":240.45084971874738,"color":"#8B4513","size":4,"action":"move","isEraser":false}}
Received: {"type":"draw","data":{"x":426.79133974894984,"y":242.21639627510075,"color":"#8B4513","size":4,"action":"move","isEraser":false}}
Received: {"type":"draw","data":{"x":424.08768370508574,"y":243.8153340021932,"color":"#8B4513","size":4,"action":"move","isEraser":false}}
Received: {"type":"draw","data":{"x":421.2889645782536,"y":245.24135262330097,"color":"#8B4513","size":4,"action":"move","isEraser":false}}
Received: {"type":"draw","data":{"x":418.4062276342339,"y":246.48882429441255,"color":"#8B4513","size":4,"action":"move","isEraser":false}}
Received: {"type":"draw","data":{"x":415.45084971874735,"y":247.55282581475768,"color":"#8B4513","size":4,"action":"move","isEraser":false}}
Received: {"type":"draw","data":{"x":412.4344943582428,"y":248.42915805643156,"color":"#8B4513","size":4,"action":"move","isEraser":false}}
Received: {"type":"draw","data":{"x":409.36906572928626,"y":249.11436253643444,"color":"#8B4513","size":4,"action":"move","isEraser":false}}
Received: {"type":"draw","data":{"x":406.2666616782152,"y":249.60573506572388,"color":"#8B4513","size":4,"action":"move","isEraser":false}}
Received: {"type":"draw","data":{"x":403.1395259764657,"y":249.9013364214136,"color":"#8B4513","size":4,"action":"move","isEraser":false}}
Received: {"type":"draw","data":{"x":400,"y":250,"color":"#8B4513","size":4,"action":"move","isEraser":false}}
Received: {"type":"draw","data":{"x":396.8604740235343,"y":249.9013364214136,"color":"#8B4513","size":4,"action":"move","isEraser":false}}
Received: {"type":"draw","data":{"x":393.7333383217848,"y":249.60573506572388,"color":"#8B4513","size":4,"action":"move","isEraser":false}}
Received: {"type":"draw","data":{"x":390.63093427071374,"y":249.11436253643444,"color":"#8B4513","size":4,"action":"move","isEraser":false}}
Received: {"type":"draw","data":{"x":387.5655056417573,"y":248.42915805643156,"color":"#8B4513","size":4,"action":"move","isEraser":false}}
Received: {"type":"draw","data":{"x":384.54915028125265,"y":247.55282581475768,"color":"#8B4513","size":4,"action":"move","isEraser":false}}
Received: {"type":"draw","data":{"x":381.5937723657661,"y":246.48882429441258,"color":"#8B4513","size":4,"action":"move","isEraser":false}}
Received: {"type":"draw","data":{"x":378.7110354217464,"y":245.24135262330097,"color":"#8B4513","size":4,"action":"move","isEraser":false}}
Received: {"type":"draw","data":{"x":375.9123162949142,"y":243.81533400219317,"color":"#8B4513","size":4,"action":"move","isEraser":false}}
Received: {"type":"draw","data":{"x":373.20866025105016,"y":242.21639627510075,"color":"#8B4513","size":4,"action":"move","isEraser":false}}
Received: {"type":"draw","data":{"x":370.61073738537635,"y":240.45084971874738,"color":"#8B4513","size":4,"action":"move","isEraser":false}}
Received: {"type":"draw","data":{"x":368.12880051256553,"y":238.52566213878947,"color":"#8B4513","size":4,"action":"move","isEraser":false}}
Received: {"type":"draw","data":{"x":365.77264470356556,"y":236.44843137107057,"color":"#8B4513","size":4,"action":"move","isEraser":false}}
Received: {"type":"draw","data":{"x":363.55156862892943,"y":234.22735529643444,"color":"#8B4513","size":4,"action":"move","isEraser":false}}
Received: {"type":"draw","data":{"x":361.47433786121053,"y":231.8711994874345,"color":"#8B4513","size":4,"action":"move","isEraser":false}}
Received: {"type":"draw","data":{"x":359.54915028125265,"y":229.38926261462365,"color":"#8B4513","size":4,"action":"move","isEraser":false}}
Received: {"type":"draw","data":{"x":357.78360372489925,"y":226.79133974894984,"color":"#8B4513","size":4,"action":"move","isEraser":false}}
Received: {"type":"draw","data":{"x":356.1846659978068,"y":224.0876837050858,"color":"#8B4513","size":4,"action":"move","isEraser":false}}
Received: {"type":"draw","data":{"x":354.75864737669906,"y":221.28896457825365,"color":"#8B4513","size":4,"action":"move","isEraser":false}}
Received: {"type":"draw","data":{"x":353.51117570558745,"y":218.40622763423391,"color":"#8B4513","size":4,"action":"move","isEraser":false}}
Received: {"type":"draw","data":{"x":352.4471741852423,"y":215.45084971874738,"color":"#8B4513","size":4,"action":"move","isEraser":false}}
Received: {"type":"draw","data":{"x":351.57084194356844,"y":212.43449435824274,"color":"#8B4513","size":4,"action":"move","isEraser":false}}
Received: {"type":"draw","data":{"x":350.88563746356556,"y":209.36906572928626,"color":"#8B4513","size":4,"action":"move","isEraser":false}}
Received: {"type":"draw","data":{"x":350.3942649342761,"y":206.26666167821523,"color":"#8B4513","size":4,"action":"move","isEraser":false}}
Received: {"type":"draw","data":{"x":350.0986635785864,"y":203.13952597646568,"color":"#8B4513","size":4,"action":"move","isEraser":false}}
Received: {"type":"draw","data":{"x":350,"y":200,"color":"#8B4513","size":4,"action":"move","isEraser":false}}
Received: {"type":"draw","data":{"x":350.0986635785864,"y":196.86047402353432,"color":"#8B4513","size":4,"action":"move","isEraser":false}}
Received: {"type":"draw","data":{"x":350.3942649342761,"y":193.7333383217848,"color":"#8B4513","size":4,"action":"move","isEraser":false}}
Received: {"type":"draw","data":{"x":350.88563746356556,"y":190.63093427071377,"color":"#8B4513","size":4,"action":"move","isEraser":false}}
Received: {"type":"draw","data":{"x":351.57084194356844,"y":187.56550564175726,"color":"#8B4513","size":4,"action":"move","isEraser":false}}
Received: {"type":"draw","data":{"x":352.4471741852423,"y":184.54915028125262,"color":"#8B4513","size":4,"action":"move","isEraser":false}}
Received: {"type":"draw","data":{"x":353.51117570558745,"y":181.59377236576609,"color":"#8B4513","size":4,"action":"move","isEraser":false}}
Received: {"type":"draw","data":{"x":354.758647376699,"y":178.71103542174637,"color":"#8B4513","size":4,"action":"move","isEraser":false}}
Received: {"type":"draw","data":{"x":356.1846659978068,"y":175.91231629491426,"color":"#8B4513","size":4,"action":"move","isEraser":false}}
Received: {"type":"draw","data":{"x":357.78360372489925,"y":173.2086602510502,"color":"#8B4513","size":4,"action":"move","isEraser":false}}
Received: {"type":"draw","data":{"x":359.54915028125265,"y":170.61073738537635,"color":"#8B4513","size":4,"action":"move","isEraser":false}}
Received: {"type":"draw","data":{"x":361.47433786121053,"y":168.12880051256553,"color":"#8B4513","size":4,"action":"move","isEraser":false}}
Received: {"type":"draw","data":{"x":363.55156862892943,"y":165.77264470356556,"color":"#8B4513","size":4,"action":"move","isEraser":false}}
Received: {"type":"draw","data":{"x":365.77264470356556,"y":163.55156862892943,"color":"#8B4513","size":4,"action":"move","isEraser":false}}
Received: {"type":"draw","data":{"x":368.12880051256553,"y":161.47433786121053,"color":"#8B4513","size":4,"action":"move","isEraser":false}}
Received: {"type":"draw","data":{"x":370.61073738537635,"y":159.54915028125265,"color":"#8B4513","size":4,"action":"move","isEraser":false}}
Received: {"type":"draw","data":{"x":373.20866025105016,"y":157.78360372489925,"color":"#8B4513","size":4,"action":"move","isEraser":false}}
Received: {"type":"draw","data":{"x":375.91231629491426,"y":156.1846659978068,"color":"#8B4513","size":4,"action":"move","isEraser":false}}
Received: {"type":"draw","data":{"x":378.7110354217464,"y":154.758647376699,"color":"#8B4513","size":4,"action":"move","isEraser":false}}
Received: {"type":"draw","data":{"x":381.5937723657661,"y":153.51117570558745,"color":"#8B4513","size":4,"action":"move","isEraser":false}}
Received: {"type":"draw","data":{"x":384.54915028125265,"y":152.44717418524232,"color":"#8B4513","size":4,"action":"move","isEraser":false}}
Received: {"type":"draw","data":{"x":387.5655056417572,"y":151.57084194356844,"color":"#8B4513","size":4,"action":"move","isEraser":false}}
Received: {"type":"draw","data":{"x":390.6309342707138,"y":150.88563746356556,"color":"#8B4513","size":4,"action":"move","isEraser":false}}
Received: {"type":"draw","data":{"x":393.73333832178474,"y":150.39426493427612,"color":"#8B4513","size":4,"action":"move","isEraser":false}}
Received: {"type":"draw","data":{"x":396.8604740235343,"y":150.0986635785864,"color":"#8B4513","size":4,"action":"move","isEraser":false}}
Received: {"type":"draw","data":{"x":400,"y":150,"color":"#8B4513","size":4,"action":"move","isEraser":false}}
Received: {"type":"draw","data":{"x":403.1395259764656,"y":150.0986635785864,"color":"#8B4513","size":4,"action":"move","isEraser":false}}
Received: {"type":"draw","data":{"x":406.2666616782152,"y":150.39426493427612,"color":"#8B4513","size":4,"action":"move","isEraser":false}}
Received: {"type":"draw","data":{"x":409.3690657292862,"y":150.88563746356556,"color":"#8B4513","size":4,"action":"move","isEraser":false}}
Received: {"type":"draw","data":{"x":412.4344943582428,"y":151.57084194356844,"color":"#8B4513","size":4,"action":"move","isEraser":false}}
Received: {"type":"draw","data":{"x":415.45084971874735,"y":152.44717418524232,"color":"#8B4513","size":4,"action":"move","isEraser":false}}
Received: {"type":"draw","data":{"x":418.4062276342339,"y":153.51117570558745,"color":"#8B4513","size":4,"action":"move","isEraser":false}}
Received: {"type":"draw","data":{"x":421.28896457825357,"y":154.758647376699,"color":"#8B4513","size":4,"action":"move","isEraser":false}}
Received: {"type":"draw","data":{"x":424.08768370508574,"y":156.1846659978068,"color":"#8B4513","size":4,"action":"move","isEraser":false}}
Received: {"type":"draw","data":{"x":426.7913397489498,"y":157.78360372489922,"color":"#8B4513","size":4,"action":"move","isEraser":false}}
Received: {"type":"draw","data":{"x":429.38926261462365,"y":159.54915028125262,"color":"#8B4513","size":4,"action":"move","isEraser":false}}
Received: {"type":"draw","data":{"x":431.87119948743447,"y":161.47433786121053,"color":"#8B4513","size":4,"action":"move","isEraser":false}}
Received: {"type":"draw","data":{"x":434.22735529643444,"y":163.55156862892943,"color":"#8B4513","size":4,"action":"move","isEraser":false}}
Received: {"type":"draw","data":{"x":436.44843137107057,"y":165.77264470356556,"color":"#8B4513","size":4,"action":"move","isEraser":false}}
Received: {"type":"draw","data":{"x":438.52566213878947,"y":168.12880051256553,"color":"#8B4513","size":4,"action":"move","isEraser":false}}
Received: {"type":"draw","data":{"x":440.45084971874735,"y":170.61073738537632,"color":"#8B4513","size":4,"action":"move","isEraser":false}}
Received: {"type":"draw","data":{"x":442.21639627510075,"y":173.2086602510502,"color":"#8B4513","size":4,"action":"move","isEraser":false}}
Received: {"type":"draw","data":{"x":443.8153340021932,"y":175.91231629491423,"color":"#8B4513","size":4,"action":"move","isEraser":false}}
Received: {"type":"draw","data":{"x":445.241352623301,"y":178.71103542174637,"color":"#8B4513","size":4,"action":"move","isEraser":false}}
Received: {"type":"draw","data":{"x":446.48882429441255,"y":181.59377236576606,"color":"#8B4513","size":4,"action":"move","isEraser":false}}
Received: {"type":"draw","data":{"x":447.5528258147577,"y":184.54915028125262,"color":"#8B4513","size":4,"action":"move","isEraser":false}}
Received: {"type":"draw","data":{"x":448.42915805643156,"y":187.56550564175723,"color":"#8B4513","size":4,"action":"move","isEraser":false}}
Received: {"type":"draw","data":{"x":449.11436253643444,"y":190.63093427071377,"color":"#8B4513","size":4,"action":"move","isEraser":false}}
Received: {"type":"draw","data":{"x":449.6057350657239,"y":193.73333832178477,"color":"#8B4513","size":4,"action":"move","isEraser":false}}
Received: {"type":"draw","data":{"x":449.9013364214136,"y":196.86047402353432,"color":"#8B4513","size":4,"action":"move","isEraser":false}}
Received: {"type":"draw","data":{"x":450,"y":200,"color":"#8B4513","size":4,"action":"move","isEraser":false}}
Received: {"type":"draw","data":{"x":460,"y":270,"color":"#8B4513","size":4,"action":"start","isEraser":false}}
Received: {"type":"draw","data":{"x":459.8816037056963,"y":272.51162078117255,"color":"#8B4513","size":4,"action":"move","isEraser":false}}
Received: {"type":"draw","data":{"x":459.52688207886865,"y":275.01332934257215,"color":"#8B4513","size":4,"action":"move","isEraser":false}}
Received: {"type":"draw","data":{"x":458.93723504372133,"y":277.49525258342896,"color":"#8B4513","size":4,"action":"move","isEraser":false}}
Received: {"type":"draw","data":{"x":458.11498966771785,"y":279.9475954865942,"color":"#8B4513","size":4,"action":"move","isEraser":false}}
Received: {"type":"draw","data":{"x":457.0633909777092,"y":282.3606797749979,"color":"#8B4513","size":4,"action":"move","isEraser":false}}
Received: {"type":"draw","data":{"x":455.7865891532951,"y":284.7249821073871,"color":"#8B4513","size":4,"action":"move","isEraser":false}}
Received: {"type":"draw","data":{"x":454.28962314796115,"y":287.0311716626029,"color":"#8B4513","size":4,"action":"move","isEraser":false}}
Received: {"type":"draw","data":{"x":452.5784008026318,"y":289.2701469640686,"color":"#8B4513","size":4,"action":"move","isEraser":false}}
Received: {"type":"draw","data":{"x":450.6596755301209,"y":291.43307179915985,"color":"#8B4513","size":4,"action":"move","isEraser":false}}
Received: {"type":"draw","data":{"x":448.54101966249686,"y":293.5114100916989,"color":"#8B4513","size":4,"action":"move","isEraser":false}}
Received: {"type":"draw","data":{"x":446.23079456654733,"y":295.4969595899476,"color":"#8B4513","size":4,"action":"move","isEraser":false}}
Received: {"type":"draw","data":{"x":443.7381176452847,"y":297.3818842371476,"color":"#8B4513","size":4,"action":"move","isEraser":false}}
Received: {"type":"draw","data":{"x":441.0728263557213,"y":299.1587450968565,"color":"#8B4513","size":4,"action":"move","isEraser":false}}
Received: {"type":"draw","data":{"x":438.2454393849214,"y":300.82052971103155,"color":"#8B4513","size":4,"action":"move","isEraser":false}}
Received: {"type":"draw","data":{"x":435.2671151375484,"y":302.3606797749979,"color":"#8B4513","size":4,"action":"move","isEraser":false}}
Received: {"type":"draw","data":{"x":432.14960769873977,"y":303.7731170200806,"color":"#8B4513","size":4,"action":"move","isEraser":false}}
Received: {"type":"draw","data":{"x":428.90522044610293,"y":305.05226720175455,"color":"#8B4513","size":4,"action":"move","isEraser":false}}
Received: {"type":"draw","data":{"x":425.54675749390435,"y":306.1930820986408,"color":"#8B4513","size":4,"action":"move","isEraser":false}}
Received: {"type":"draw","data":{"x":422.0874731610807,"y":307.19105943553006,"color":"#8B4513","size":4,"action":"move","isEraser":false}}
Received: {"type":"draw","data":{"x":418.54101966249686,"y":308.04226065180615,"color":"#8B4513","size":4,"action":"move","isEraser":false}}
Received: {"type":"draw","data":{"x":414.9213932298913,"y":308.74332644514527,"color":"#8B4513","size":4,"action":"move","isEraser":false}}
Received: {"type":"draw","data":{"x":411.2428788751435,"y":309.29149002914755,"color":"#8B4513","size":4,"action":"move","isEraser":false}}
Received: {"type":"draw","data":{"x":407.51999401385825,"y":309.6845880525791,"color":"#8B4513","size":4,"action":"move","isEraser":false}}
Received: {"type":"draw","data":{"x":403.7674311717588,"y":309.92106913713087,"color":"#8B4513","size":4,"action":"move","isEraser":false}}
Received: {"type":"draw","data":{"x":400,"y":310,"color":"#8B4513","size":4,"action":"move","isEraser":false}}
Received: {"type":"draw","data":{"x":396.2325688282412,"y":309.92106913713087,"color":"#8B4513","size":4,"action":"move","isEraser":false}}
Received: {"type":"draw","data":{"x":392.48000598614175,"y":309.6845880525791,"color":"#8B4513","size":4,"action":"move","isEraser":false}}
Received: {"type":"draw","data":{"x":388.7571211248565,"y":309.29149002914755,"color":"#8B4513","size":4,"action":"move","isEraser":false}}
Received: {"type":"draw","data":{"x":385.0786067701087,"y":308.74332644514527,"color":"#8B4513","size":4,"action":"move","isEraser":false}}
Received: {"type":"draw","data":{"x":381.45898033750314,"y":308.04226065180615,"color":"#8B4513","size":4,"action":"move","isEraser":false}}
Received: {"type":"draw","data":{"x":377.91252683891935,"y":307.19105943553006,"color":"#8B4513","size":4,"action":"move","isEraser":false}}
Received: {"type":"draw","data":{"x":374.45324250609565,"y":306.1930820986408,"color":"#8B4513","size":4,"action":"move","isEraser":false}}
Received: {"type":"draw","data":{"x":371.09477955389707,"y":305.05226720175455,"color":"#8B4513","size":4,"action":"move","isEraser":false}}
Received: {"type":"draw","data":{"x":367.8503923012602,"y":303.7731170200806,"color":"#8B4513","size":4,"action":"move","isEraser":false}}
Received: {"type":"draw","data":{"x":364.7328848624516,"y":302.3606797749979,"color":"#8B4513","size":4,"action":"move","isEraser":false}}
Received: {"type":"draw","data":{"x":361.7545606150786,"y":300.82052971103155,"color":"#8B4513","size":4,"action":"move","isEraser":false}}
Received: {"type":"draw","data":{"x":358.9271736442787,"y":299.1587450968565,"color":"#8B4513","size":4,"action":"move","isEraser":false}}
Received: {"type":"draw","data":{"x":356.26188235471534,"y":297.3818842371476,"color":"#8B4513","size":4,"action":"move","isEraser":false}}
Received: {"type":"draw","data":{"x":353.76920543345267,"y":295.4969595899476,"color":"#8B4513","size":4,"action":"move","isEraser":false}}
Received: {"type":"draw","data":{"x":351.45898033750314,"y":293.5114100916989,"color":"#8B4513","size":4,"action":"move","isEraser":false}}
Received: {"type":"draw","data":{"x":349.3403244698791,"y":291.4330717991599,"color":"#8B4513","size":4,"action":"move","isEraser":false}}
Received: {"type":"draw","data":{"x":347.4215991973682,"y":289.2701469640686,"color":"#8B4513","size":4,"action":"move","isEraser":false}}
Received: {"type":"draw","data":{"x":345.71037685203885,"y":287.0311716626029,"color":"#8B4513","size":4,"action":"move","isEraser":false}}
Received: {"type":"draw","data":{"x":344.2134108467049,"y":284.7249821073871,"color":"#8B4513","size":4,"action":"move","isEraser":false}}
Received: {"type":"draw","data":{"x":342.9366090222908,"y":282.3606797749979,"color":"#8B4513","size":4,"action":"move","isEraser":false}}
Received: {"type":"draw","data":{"x":341.88501033228215,"y":279.9475954865942,"color":"#8B4513","size":4,"action":"move","isEraser":false}}
Received: {"type":"draw","data":{"x":341.06276495627867,"y":277.495252583429,"color":"#8B4513","size":4,"action":"move","isEraser":false}}
Received: {"type":"draw","data":{"x":340.47311792113135,"y":275.0133293425722,"color":"#8B4513","size":4,"action":"move","isEraser":false}}
Received: {"type":"draw","data":{"x":340.1183962943037,"y":272.51162078117255,"color":"#8B4513","size":4,"action":"move","isEraser":false}}
Received: {"type":"draw","data":{"x":340,"y":270,"color":"#8B4513","size":4,"action":"move","isEraser":false}}
Received: {"type":"draw","data":{"x":340.1183962943037,"y":267.48837921882745,"color":"#8B4513","size":4,"action":"move","isEraser":false}}
Received: {"type":"draw","data":{"x":340.47311792113135,"y":264.98667065742785,"color":"#8B4513","size":4,"action":"move","isEraser":false}}
Received: {"type":"draw","data":{"x":341.06276495627867,"y":262.50474741657104,"color":"#8B4513","size":4,"action":"move","isEraser":false}}
Received: {"type":"draw","data":{"x":341.88501033228215,"y":260.0524045134058,"color":"#8B4513","size":4,"action":"move","isEraser":false}}
Received: {"type":"draw","data":{"x":342.9366090222908,"y":257.6393202250021,"color":"#8B4513","size":4,"action":"move","isEraser":false}}
Received: {"type":"draw","data":{"x":344.2134108467049,"y":255.27501789261288,"color":"#8B4513","size":4,"action":"move","isEraser":false}}
Received: {"type":"draw","data":{"x":345.71037685203885,"y":252.9688283373971,"color":"#8B4513","size":4,"action":"move","isEraser":false}}
Received: {"type":"draw","data":{"x":347.4215991973682,"y":250.7298530359314,"color":"#8B4513","size":4,"action":"move","isEraser":false}}
Received: {"type":"draw","data":{"x":349.3403244698791,"y":248.56692820084015,"color":"#8B4513","size":4,"action":"move","isEraser":false}}
Received: {"type":"draw","data":{"x":351.45898033750314,"y":246.4885899083011,"color":"#8B4513","size":4,"action":"move","isEraser":false}}
Received: {"type":"draw","data":{"x":353.76920543345267,"y":244.50304041005242,"color":"#8B4513","size":4,"action":"move","isEraser":false}}
Received: {"type":"draw","data":{"x":356.2618823547153,"y":242.61811576285245,"color":"#8B4513","size":4,"action":"move","isEraser":false}}
Received: {"type":"draw","data":{"x":358.92717364427864,"y":240.84125490314355,"color":"#8B4513","size":4,"action":"move","isEraser":false}}
Received: {"type":"draw","data":{"x":361.7545606150786,"y":239.17947028896842,"color":"#8B4513","size":4,"action":"move","isEraser":false}}
Received: {"type":"draw","data":{"x":364.7328848624516,"y":237.6393202250021,"color":"#8B4513","size":4,"action":"move","isEraser":false}}
Received: {"type":"draw","data":{"x":367.85039230126023,"y":236.2268829799194,"color":"#8B4513","size":4,"action":"move","isEraser":false}}
Received: {"type":"draw","data":{"x":371.09477955389707,"y":234.94773279824545,"color":"#8B4513","size":4,"action":"move","isEraser":false}}
Received: {"type":"draw","data":{"x":374.45324250609565,"y":233.8069179013592,"color":"#8B4513","size":4,"action":"move","isEraser":false}}
Received: {"type":"draw","data":{"x":377.9125268389193,"y":232.80894056446996,"color":"#8B4513","size":4,"action":"move","isEraser":false}}
Received: {"type":"draw","data":{"x":381.45898033750314,"y":231.95773934819385,"color":"#8B4513","size":4,"action":"move","isEraser":false}}
Received: {"type":"draw","data":{"x":385.0786067701087,"y":231.25667355485476,"color":"#8B4513","size":4,"action":"move","isEraser":false}}
Received: {"type":"draw","data":{"x":388.7571211248565,"y":230.70850997085245,"color":"#8B4513","size":4,"action":"move","isEraser":false}}
Received: {"type":"draw","data":{"x":392.48000598614175,"y":230.3154119474209,"color":"#8B4513","size":4,"action":"move","isEraser":false}}
Received: {"type":"draw","data":{"x":396.2325688282412,"y":230.07893086286913,"color":"#8B4513","size":4,"action":"move","isEraser":false}}
Received: {"type":"draw","data":{"x":400,"y":230,"color":"#8B4513","size":4,"action":"move","isEraser":false}}
Received: {"type":"draw","data":{"x":403.76743117175874,"y":230.07893086286913,"color":"#8B4513","size":4,"action":"move","isEraser":false}}
Received: {"type":"draw","data":{"x":407.51999401385825,"y":230.3154119474209,"color":"#8B4513","size":4,"action":"move","isEraser":false}}
Received: {"type":"draw","data":{"x":411.24287887514345,"y":230.70850997085245,"color":"#8B4513","size":4,"action":"move","isEraser":false}}
Received: {"type":"draw","data":{"x":414.9213932298913,"y":231.25667355485476,"color":"#8B4513","size":4,"action":"move","isEraser":false}}
Received: {"type":"draw","data":{"x":418.5410196624968,"y":231.95773934819385,"color":"#8B4513","size":4,"action":"move","isEraser":false}}
Received: {"type":"draw","data":{"x":422.0874731610807,"y":232.80894056446994,"color":"#8B4513","size":4,"action":"move","isEraser":false}}
Received: {"type":"draw","data":{"x":425.5467574939043,"y":233.8069179013592,"color":"#8B4513","size":4,"action":"move","isEraser":false}}
Received: {"type":"draw","data":{"x":428.9052204461029,"y":234.94773279824545,"color":"#8B4513","size":4,"action":"move","isEraser":false}}
Received: {"type":"draw","data":{"x":432.14960769873977,"y":236.22688297991937,"color":"#8B4513","size":4,"action":"move","isEraser":false}}
Received: {"type":"draw","data":{"x":435.2671151375484,"y":237.6393202250021,"color":"#8B4513","size":4,"action":"move","isEraser":false}}
Received: {"type":"draw","data":{"x":438.2454393849214,"y":239.17947028896842,"color":"#8B4513","size":4,"action":"move","isEraser":false}}
Received: {"type":"draw","data":{"x":441.0728263557213,"y":240.84125490314352,"color":"#8B4513","size":4,"action":"move","isEraser":false}}
Received: {"type":"draw","data":{"x":443.73811764528466,"y":242.61811576285243,"color":"#8B4513","size":4,"action":"move","isEraser":false}}
Received: {"type":"draw","data":{"x":446.2307945665474,"y":244.50304041005242,"color":"#8B4513","size":4,"action":"move","isEraser":false}}
Received: {"type":"draw","data":{"x":448.54101966249686,"y":246.48858990830107,"color":"#8B4513","size":4,"action":"move","isEraser":false}}
Received: {"type":"draw","data":{"x":450.6596755301209,"y":248.56692820084015,"color":"#8B4513","size":4,"action":"move","isEraser":false}}
Received: {"type":"draw","data":{"x":452.5784008026318,"y":250.7298530359314,"color":"#8B4513","size":4,"action":"move","isEraser":false}}
Received: {"type":"draw","data":{"x":454.28962314796115,"y":252.9688283373971,"color":"#8B4513","size":4,"action":"move","isEraser":false}}
Received: {"type":"draw","data":{"x":455.78658915329504,"y":255.27501789261285,"color":"#8B4513","size":4,"action":"move","isEraser":false}}
Received: {"type":"draw","data":{"x":457.0633909777092,"y":257.6393202250021,"color":"#8B4513","size":4,"action":"move","isEraser":false}}
Received: {"type":"draw","data":{"x":458.11498966771785,"y":260.0524045134058,"color":"#8B4513","size":4,"action":"move","isEraser":false}}
Received: {"type":"draw","data":{"x":458.93723504372133,"y":262.50474741657104,"color":"#8B4513","size":4,"action":"move","isEraser":false}}
Received: {"type":"draw","data":{"x":459.52688207886865,"y":264.9866706574278,"color":"#8B4513","size":4,"action":"move","isEraser":false}}
Received: {"type":"draw","data":{"x":459.8816037056963,"y":267.48837921882745,"color":"#8B4513","size":4,"action":"move","isEraser":false}}
Received: {"type":"draw","data":{"x":460,"y":270,"color":"#8B4513","size":4,"action":"move","isEraser":false}}
Received: {"type":"draw","data":{"x":370,"y":170,"color":"#8B4513","size":4,"action":"start","isEraser":false}}
Received: {"type":"draw","data":{"x":340,"y":130,"color":"#8B4513","size":4,"action":"move","isEraser":false}}
Received: {"type":"draw","data":{"x":390,"y":140,"color":"#8B4513","size":4,"action":"move","isEraser":false}}
Received: {"type":"draw","data":{"x":370,"y":170,"color":"#8B4513","size":4,"action":"move","isEraser":false}}
Received: {"type":"draw","data":{"x":430,"y":170,"color":"#8B4513","size":4,"action":"start","isEraser":false}}
Received: {"type":"draw","data":{"x":460,"y":130,"color":"#8B4513","size":4,"action":"move","isEraser":false}}
Received: {"type":"draw","data":{"x":410,"y":140,"color":"#8B4513","size":4,"action":"move","isEraser":false}}
Received: {"type":"draw","data":{"x":430,"y":170,"color":"#8B4513","size":4,"action":"move","isEraser":false}}
Received: {"type":"draw","data":{"x":385,"y":190,"color":"#000000","size":6,"action":"start","isEraser":false}}
Received: {"type":"draw","data":{"x":415,"y":190,"color":"#000000","size":6,"action":"start","isEraser":false}}
Received: {"type":"draw","data":{"x":400,"y":210,"color":"#000000","size":5,"action":"start","isEraser":false}}
Received: {"type":"draw","data":{"x":390,"y":225,"color":"#000000","size":5,"action":"move","isEraser":false}}
Received: {"type":"draw","data":{"x":410,"y":225,"color":"#000000","size":5,"action":"move","isEraser":false}}
Received: {"type":"draw","data":{"x":400,"y":210,"color":"#000000","size":5,"action":"move","isEraser":false}}
Received: {"type":"draw","data":{"x":380,"y":240,"color":"#FF0000","size":2,"action":"start","isEraser":false}}
Received: {"type":"draw","data":{"x":382,"y":241.56434465040232,"color":"#FF0000","size":2,"action":"move","isEraser":false}}
Received: {"type":"draw","data":{"x":384,"y":243.0901699437495,"color":"#FF0000","size":2,"action":"move","isEraser":false}}
Received: {"type":"draw","data":{"x":386,"y":244.53990499739547,"color":"#FF0000","size":2,"action":"move","isEraser":false}}
Received: {"type":"draw","data":{"x":388,"y":245.87785252292474,"color":"#FF0000","size":2,"action":"move","isEraser":false}}
Received: {"type":"draw","data":{"x":390,"y":247.07106781186548,"color":"#FF0000","size":2,"action":"move","isEraser":false}}
Received: {"type":"draw","data":{"x":392,"y":248.0901699437495,"color":"#FF0000","size":2,"action":"move","isEraser":false}}
Received: {"type":"draw","data":{"x":394,"y":248.91006524188367,"color":"#FF0000","size":2,"action":"move","isEraser":false}}
Received: {"type":"draw","data":{"x":396,"y":249.51056516295154,"color":"#FF0000","size":2,"action":"move","isEraser":false}}
Received: {"type":"draw","data":{"x":398,"y":249.8768834059514,"color":"#FF0000","size":2,"action":"move","isEraser":false}}
Received: {"type":"draw","data":{"x":400,"y":250,"color":"#FF0000","size":2,"action":"move","isEraser":false}}
Received: {"type":"draw","data":{"x":402,"y":249.8768834059514,"color":"#FF0000","size":2,"action":"move","isEraser":false}}
Received: {"type":"draw","data":{"x":404,"y":249.51056516295154,"color":"#FF0000","size":2,"action":"move","isEraser":false}}
Received: {"type":"draw","data":{"x":406,"y":248.91006524188367,"color":"#FF0000","size":2,"action":"move","isEraser":false}}
Received: {"type":"draw","data":{"x":408,"y":248.0901699437495,"color":"#FF0000","size":2,"action":"move","isEraser":false}}
Received: {"type":"draw","data":{"x":410,"y":247.07106781186548,"color":"#FF0000","size":2,"action":"move","isEraser":false}}
Received: {"type":"draw","data":{"x":412,"y":245.87785252292474,"color":"#FF0000","size":2,"action":"move","isEraser":false}}
Received: {"type":"draw","data":{"x":414,"y":244.53990499739547,"color":"#FF0000","size":2,"action":"move","isEraser":false}}
Received: {"type":"draw","data":{"x":416,"y":243.0901699437495,"color":"#FF0000","size":2,"action":"move","isEraser":false}}
Received: {"type":"draw","data":{"x":418,"y":241.56434465040232,"color":"#FF0000","size":2,"action":"move","isEraser":false}}
Received: {"type":"draw","data":{"x":420,"y":240,"color":"#FF0000","size":2,"action":"move","isEraser":false}}
Received: {"type":"draw","data":{"x":360,"y":280,"color":"#8B4513","size":5,"action":"start","isEraser":false}}
Received: {"type":"draw","data":{"x":360,"y":330,"color":"#8B4513","size":5,"action":"move","isEraser":false}}
Received: {"type":"draw","data":{"x":390,"y":280,"color":"#8B4513","size":5,"action":"start","isEraser":false}}
Received: {"type":"draw","data":{"x":390,"y":330,"color":"#8B4513","size":5,"action":"move","isEraser":false}}
Received: {"type":"draw","data":{"x":410,"y":280,"color":"#8B4513","size":5,"action":"start","isEraser":false}}
Received: {"type":"draw","data":{"x":410,"y":330,"color":"#8B4513","size":5,"action":"move","isEraser":false}}
Received: {"type":"draw","data":{"x":440,"y":280,"color":"#8B4513","size":5,"action":"start","isEraser":false}}
Received: {"type":"draw","data":{"x":440,"y":330,"color":"#8B4513","size":5,"action":"move","isEraser":false}}
Received: {"type":"draw","data":{"x":470,"y":300,"color":"#8B4513","size":4,"action":"start","isEraser":false}}
Received: {"type":"draw","data":{"x":471.5,"y":306.2573786016092,"color":"#8B4513","size":4,"action":"move","isEraser":false}}
Received: {"type":"draw","data":{"x":473,"y":312.3606797749979,"color":"#8B4513","size":4,"action":"move","isEraser":false}}
Received: {"type":"draw","data":{"x":474.5,"y":318.15961998958187,"color":"#8B4513","size":4,"action":"move","isEraser":false}}
Received: {"type":"draw","data":{"x":476,"y":323.5114100916989,"color":"#8B4513","size":4,"action":"move","isEraser":false}}
Received: {"type":"draw","data":{"x":477.5,"y":328.2842712474619,"color":"#8B4513","size":4,"action":"move","isEraser":false}}
Received: {"type":"draw","data":{"x":479,"y":332.3606797749979,"color":"#8B4513","size":4,"action":"move","isEraser":false}}
Received: {"type":"draw","data":{"x":480.5,"y":335.6402609675347,"color":"#8B4513","size":4,"action":"move","isEraser":false}}
Received: {"type":"draw","data":{"x":482,"y":338.04226065180615,"color":"#8B4513","size":4,"action":"move","isEraser":false}}
Received: {"type":"draw","data":{"x":483.5,"y":339.5075336238055,"color":"#8B4513","size":4,"action":"move","isEraser":false}}
Received: {"type":"draw","data":{"x":485,"y":340,"color":"#8B4513","size":4,"action":"move","isEraser":false}}
Received: {"type":"draw","data":{"x":486.5,"y":339.5075336238055,"color":"#8B4513","size":4,"action":"move","isEraser":false}}
Received: {"type":"draw","data":{"x":488,"y":338.04226065180615,"color":"#8B4513","size":4,"action":"move","isEraser":false}}
Received: {"type":"draw","data":{"x":489.5,"y":335.6402609675347,"color":"#8B4513","size":4,"action":"move","isEraser":false}}
Received: {"type":"draw","data":{"x":491,"y":332.3606797749979,"color":"#8B4513","size":4,"action":"move","isEraser":false}}
Received: {"type":"draw","data":{"x":492.5,"y":328.2842712474619,"color":"#8B4513","size":4,"action":"move","isEraser":false}}
Received: {"type":"draw","data":{"x":494,"y":323.5114100916989,"color":"#8B4513","size":4,"action":"move","isEraser":false}}
Received: {"type":"draw","data":{"x":495.5,"y":318.15961998958187,"color":"#8B4513","size":4,"action":"move","isEraser":false}}
Received: {"type":"draw","data":{"x":497,"y":312.3606797749979,"color":"#8B4513","size":4,"action":"move","isEraser":false}}
Received: {"type":"draw","data":{"x":498.5,"y":306.2573786016092,"color":"#8B4513","size":4,"action":"move","isEraser":false}}
Received: {"type":"draw","data":{"x":500,"y":300,"color":"#8B4513","size":4,"action":"move","isEraser":false}}
Received: {"type":"draw","data":{"x":360,"y":335,"color":"#000000","size":8,"action":"start","isEraser":false}}
Received: {"type":"draw","data":{"x":390,"y":335,"color":"#000000","size":8,"action":"start","isEraser":false}}
Received: {"type":"draw","data":{"x":410,"y":335,"color":"#000000","size":8,"action":"start","isEraser":false}}
Received: {"type":"draw","data":{"x":440,"y":335,"color":"#000000","size":8,"action":"start","isEraser":false}}
Received: {"type":"draw","data":{"x":350,"y":500,"color":"#FF6600","size":10,"action":"start","isEraser":false}}
Received: {"type":"draw","data":{"x":380,"y":515,"color":"#FF6600","size":10,"action":"start","isEraser":false}}
Received: {"type":"draw","data":{"x":410,"y":500,"color":"#FF6600","size":10,"action":"start","isEraser":false}}
Received: {"type":"draw","data":{"x":440,"y":515,"color":"#FF6600","size":10,"action":"start","isEraser":false}}
Received: {"type":"draw","data":{"x":470,"y":500,"color":"#FF6600","size":10,"action":"start","isEraser":false}}
Client disconnected
Client connected
Client disconnected
Client connected
Client disconnected
Client connected
Client disconnected
Client connected
Client disconnected
